#
# There is insufficient memory for the Java Runtime Environment to continue.
# Native memory allocation (malloc) failed to allocate 1971216 bytes. Error detail: Chunk::new
# Possible reasons:
#   The system is out of physical RAM or swap space
#   This process is running with CompressedOops enabled, and the Java Heap may be blocking the growth of the native heap
# Possible solutions:
#   Reduce memory load on the system
#   Increase physical memory or swap space
#   Check if swap backing store is full
#   Decrease Java heap size (-Xmx/-Xms)
#   Decrease number of Java threads
#   Decrease Java thread stack sizes (-Xss)
#   Set larger code cache with -XX:ReservedCodeCacheSize=
#   JVM is running with Unscaled Compressed Oops mode in which the Java heap is
#     placed in the first 4GB address space. The Java Heap base address is the
#     maximum limit for the native heap growth. Please use -XX:HeapBaseMinAddress
#     to set the Java Heap base and to place the Java Heap above 4GB virtual address.
# This output file may be truncated or incomplete.
#
#  Out of Memory Error (arena.cpp:168), pid=2908, tid=2308
#
# JRE version: OpenJDK Runtime Environment (21.0.3) (build 21.0.3+-12282718-b509.11)
# Java VM: OpenJDK 64-Bit Server VM (21.0.3+-12282718-b509.11, mixed mode, tiered, compressed oops, compressed class ptrs, g1 gc, windows-amd64)
# No core dump will be written. Minidumps are not enabled by default on client versions of Windows
#

---------------  S U M M A R Y ------------

Command Line: --add-opens=java.base/java.util=ALL-UNNAMED --add-opens=java.base/java.lang=ALL-UNNAMED --add-opens=java.base/java.lang.invoke=ALL-UNNAMED --add-opens=java.prefs/java.util.prefs=ALL-UNNAMED --add-exports=jdk.compiler/com.sun.tools.javac.api=ALL-UNNAMED --add-exports=jdk.compiler/com.sun.tools.javac.util=ALL-UNNAMED --add-opens=java.base/java.nio.charset=ALL-UNNAMED --add-opens=java.base/java.net=ALL-UNNAMED --add-opens=java.base/java.util.concurrent.atomic=ALL-UNNAMED -Xmx2048m -Dfile.encoding=UTF-8 -Duser.country=BR -Duser.language=pt -Duser.variant -javaagent:C:\Users\igorn\.gradle\wrapper\dists\gradle-8.9-bin\90cnw93cvbtalezasaz0blq0a\gradle-8.9\lib\agents\gradle-instrumentation-agent-8.9.jar org.gradle.launcher.daemon.bootstrap.GradleDaemon 8.9

Host: 11th Gen Intel(R) Core(TM) i3-1115G4 @ 3.00GHz, 4 cores, 19G,  Windows 11 , 64 bit Build 26100 (10.0.26100.2454)
Time: Fri Dec 13 13:57:33 2024 Hora oficial do Brasil elapsed time: 19.812215 seconds (0d 0h 0m 19s)

---------------  T H R E A D  ---------------

Current thread (0x000001c8efa55a10):  JavaThread "C2 CompilerThread1" daemon [_thread_in_native, id=2308, stack(0x0000007a4a400000,0x0000007a4a500000) (1024K)]


Current CompileTask:
C2:  19812 7657   !   4       org.jetbrains.kotlin.metadata.ProtoBuf$Function::<init> (1410 bytes)

Stack: [0x0000007a4a400000,0x0000007a4a500000]
Native frames: (J=compiled Java code, j=interpreted, Vv=VM code, C=native code)
V  [jvm.dll+0x6cafb9]
V  [jvm.dll+0x858523]
V  [jvm.dll+0x85aa7e]
V  [jvm.dll+0x85b163]
V  [jvm.dll+0x27d356]
V  [jvm.dll+0xbf93d]
V  [jvm.dll+0xbfe73]
V  [jvm.dll+0x3b1cb1]
V  [jvm.dll+0x37e787]
V  [jvm.dll+0x37dbfa]
V  [jvm.dll+0x246b02]
V  [jvm.dll+0x2460d1]
V  [jvm.dll+0x1c5804]
V  [jvm.dll+0x25575c]
V  [jvm.dll+0x253c36]
V  [jvm.dll+0x3ec996]
V  [jvm.dll+0x800d78]
V  [jvm.dll+0x6c98cd]
C  [ucrtbase.dll+0x14ea0]
C  [KERNEL32.DLL+0x2e8d7]
C  [ntdll.dll+0xdfbcc]


---------------  P R O C E S S  ---------------

Threads class SMR info:
_java_thread_list=0x000001c8ed1d3e80, length=47, elements={
0x000001c8ce934a90, 0x000001c8e7b28480, 0x000001c8e7b2ac30, 0x000001c8e7b443a0,
0x000001c8e7b44a10, 0x000001c8e7b45bf0, 0x000001c8e7b46260, 0x000001c8e7b42c30,
0x000001c8e7b41750, 0x000001c8e7c7b4d0, 0x000001c8ec21cd90, 0x000001c8eddad430,
0x000001c8edf4c960, 0x000001c8ee1c8790, 0x000001c8ee08ab70, 0x000001c8ee071a60,
0x000001c8ee0d5640, 0x000001c8edc4a0f0, 0x000001c8edc53e20, 0x000001c8edc52a70,
0x000001c8edc55ef0, 0x000001c8edc53100, 0x000001c8edc53790, 0x000001c8edc544b0,
0x000001c8edc551d0, 0x000001c8edc55860, 0x000001c8efb2b080, 0x000001c8efb2b710,
0x000001c8efb2bda0, 0x000001c8efb29cd0, 0x000001c8efb2c430, 0x000001c8efb2a360,
0x000001c8efb2cac0, 0x000001c8efb2a9f0, 0x000001c8efb2e500, 0x000001c8efb2de70,
0x000001c8efb305d0, 0x000001c8efb2f8b0, 0x000001c8efb2eb90, 0x000001c8efb2d150,
0x000001c8efb30c60, 0x000001c8f0993460, 0x000001c8f0993af0, 0x000001c8f0990670,
0x000001c8f0992740, 0x000001c8f0994180, 0x000001c8efa55a10
}

Java Threads: ( => current thread )
  0x000001c8ce934a90 JavaThread "main"                              [_thread_blocked, id=4544, stack(0x0000007a47200000,0x0000007a47300000) (1024K)]
  0x000001c8e7b28480 JavaThread "Reference Handler"          daemon [_thread_blocked, id=16172, stack(0x0000007a47a00000,0x0000007a47b00000) (1024K)]
  0x000001c8e7b2ac30 JavaThread "Finalizer"                  daemon [_thread_blocked, id=8412, stack(0x0000007a47b00000,0x0000007a47c00000) (1024K)]
  0x000001c8e7b443a0 JavaThread "Signal Dispatcher"          daemon [_thread_blocked, id=9144, stack(0x0000007a47c00000,0x0000007a47d00000) (1024K)]
  0x000001c8e7b44a10 JavaThread "Attach Listener"            daemon [_thread_blocked, id=15644, stack(0x0000007a47d00000,0x0000007a47e00000) (1024K)]
  0x000001c8e7b45bf0 JavaThread "Service Thread"             daemon [_thread_blocked, id=13908, stack(0x0000007a47e00000,0x0000007a47f00000) (1024K)]
  0x000001c8e7b46260 JavaThread "Monitor Deflation Thread"   daemon [_thread_blocked, id=13152, stack(0x0000007a47f00000,0x0000007a48000000) (1024K)]
  0x000001c8e7b42c30 JavaThread "C2 CompilerThread0"         daemon [_thread_in_native, id=2432, stack(0x0000007a48000000,0x0000007a48100000) (1024K)]
  0x000001c8e7b41750 JavaThread "C1 CompilerThread0"         daemon [_thread_blocked, id=18420, stack(0x0000007a48100000,0x0000007a48200000) (1024K)]
  0x000001c8e7c7b4d0 JavaThread "Common-Cleaner"             daemon [_thread_blocked, id=14012, stack(0x0000007a48200000,0x0000007a48300000) (1024K)]
  0x000001c8ec21cd90 JavaThread "Notification Thread"        daemon [_thread_blocked, id=1344, stack(0x0000007a48300000,0x0000007a48400000) (1024K)]
  0x000001c8eddad430 JavaThread "Daemon health stats"               [_thread_blocked, id=5948, stack(0x0000007a48800000,0x0000007a48900000) (1024K)]
  0x000001c8edf4c960 JavaThread "Incoming local TCP Connector on port 59152"        [_thread_in_native, id=18016, stack(0x0000007a48900000,0x0000007a48a00000) (1024K)]
  0x000001c8ee1c8790 JavaThread "Daemon periodic checks"            [_thread_blocked, id=6436, stack(0x0000007a48a00000,0x0000007a48b00000) (1024K)]
  0x000001c8ee08ab70 JavaThread "Daemon"                            [_thread_blocked, id=8364, stack(0x0000007a48b00000,0x0000007a48c00000) (1024K)]
  0x000001c8ee071a60 JavaThread "Handler for socket connection from /127.0.0.1:59152 to /127.0.0.1:59153"        [_thread_in_native, id=2180, stack(0x0000007a48c00000,0x0000007a48d00000) (1024K)]
  0x000001c8ee0d5640 JavaThread "Cancel handler"                    [_thread_blocked, id=11924, stack(0x0000007a48d00000,0x0000007a48e00000) (1024K)]
  0x000001c8edc4a0f0 JavaThread "Daemon worker"                     [_thread_in_Java, id=12440, stack(0x0000007a48e00000,0x0000007a48f00000) (1024K)]
  0x000001c8edc53e20 JavaThread "Asynchronous log dispatcher for DefaultDaemonConnection: socket connection from /127.0.0.1:59152 to /127.0.0.1:59153"        [_thread_blocked, id=6156, stack(0x0000007a48f00000,0x0000007a49000000) (1024K)]
  0x000001c8edc52a70 JavaThread "Stdin handler"                     [_thread_blocked, id=13004, stack(0x0000007a49000000,0x0000007a49100000) (1024K)]
  0x000001c8edc55ef0 JavaThread "Daemon client event forwarder"        [_thread_blocked, id=13952, stack(0x0000007a49100000,0x0000007a49200000) (1024K)]
  0x000001c8edc53100 JavaThread "Cache worker for journal cache (C:\Users\igorn\.gradle\caches\journal-1)"        [_thread_blocked, id=4216, stack(0x0000007a49200000,0x0000007a49300000) (1024K)]
  0x000001c8edc53790 JavaThread "File lock request listener"        [_thread_in_native, id=11752, stack(0x0000007a49300000,0x0000007a49400000) (1024K)]
  0x000001c8edc544b0 JavaThread "Cache worker for file hash cache (C:\Users\igorn\.gradle\caches\8.9\fileHashes)"        [_thread_blocked, id=11284, stack(0x0000007a49400000,0x0000007a49500000) (1024K)]
  0x000001c8edc551d0 JavaThread "Cache worker for file hash cache (C:\Users\igorn\OneDrive\Documentos\Tads\Mobile\OscarApp2\.gradle\8.9\fileHashes)"        [_thread_blocked, id=10392, stack(0x0000007a48700000,0x0000007a48800000) (1024K)]
  0x000001c8edc55860 JavaThread "Cache worker for Build Output Cleanup Cache (C:\Users\igorn\OneDrive\Documentos\Tads\Mobile\OscarApp2\.gradle\buildOutputCleanup)"        [_thread_blocked, id=17652, stack(0x0000007a49500000,0x0000007a49600000) (1024K)]
  0x000001c8efb2b080 JavaThread "File watcher server"        daemon [_thread_in_native, id=4552, stack(0x0000007a49600000,0x0000007a49700000) (1024K)]
  0x000001c8efb2b710 JavaThread "File watcher consumer"      daemon [_thread_blocked, id=11080, stack(0x0000007a49700000,0x0000007a49800000) (1024K)]
  0x000001c8efb2bda0 JavaThread "jar transforms"                    [_thread_blocked, id=7200, stack(0x0000007a49900000,0x0000007a49a00000) (1024K)]
  0x000001c8efb29cd0 JavaThread "jar transforms Thread 2"           [_thread_blocked, id=4760, stack(0x0000007a49a00000,0x0000007a49b00000) (1024K)]
  0x000001c8efb2c430 JavaThread "jar transforms Thread 3"           [_thread_blocked, id=5240, stack(0x0000007a49b00000,0x0000007a49c00000) (1024K)]
  0x000001c8efb2a360 JavaThread "jar transforms Thread 4"           [_thread_blocked, id=7504, stack(0x0000007a49c00000,0x0000007a49d00000) (1024K)]
  0x000001c8efb2cac0 JavaThread "Cache worker for checksums cache (C:\Users\igorn\OneDrive\Documentos\Tads\Mobile\OscarApp2\.gradle\8.9\checksums)"        [_thread_blocked, id=9592, stack(0x0000007a49d00000,0x0000007a49e00000) (1024K)]
  0x000001c8efb2a9f0 JavaThread "Cache worker for file content cache (C:\Users\igorn\.gradle\caches\8.9\fileContent)"        [_thread_blocked, id=7584, stack(0x0000007a49e00000,0x0000007a49f00000) (1024K)]
  0x000001c8efb2e500 JavaThread "Cache worker for cache directory md-rule (C:\Users\igorn\.gradle\caches\8.9\md-rule)"        [_thread_blocked, id=19420, stack(0x0000007a49f00000,0x0000007a4a000000) (1024K)]
  0x000001c8efb2de70 JavaThread "Cache worker for cache directory md-supplier (C:\Users\igorn\.gradle\caches\8.9\md-supplier)"        [_thread_blocked, id=15884, stack(0x0000007a4a000000,0x0000007a4a100000) (1024K)]
  0x000001c8efb305d0 JavaThread "Unconstrained build operations"        [_thread_blocked, id=18696, stack(0x0000007a49800000,0x0000007a49900000) (1024K)]
  0x000001c8efb2f8b0 JavaThread "Unconstrained build operations Thread 2"        [_thread_blocked, id=12972, stack(0x0000007a4a100000,0x0000007a4a200000) (1024K)]
  0x000001c8efb2eb90 JavaThread "Unconstrained build operations Thread 3"        [_thread_blocked, id=13464, stack(0x0000007a4a200000,0x0000007a4a300000) (1024K)]
  0x000001c8efb2d150 JavaThread "Unconstrained build operations Thread 4"        [_thread_blocked, id=18120, stack(0x0000007a4a300000,0x0000007a4a400000) (1024K)]
  0x000001c8efb30c60 JavaThread "Unconstrained build operations Thread 5"        [_thread_blocked, id=1280, stack(0x0000007a4a500000,0x0000007a4a600000) (1024K)]
  0x000001c8f0993460 JavaThread "Unconstrained build operations Thread 6"        [_thread_blocked, id=18868, stack(0x0000007a4a600000,0x0000007a4a700000) (1024K)]
  0x000001c8f0993af0 JavaThread "Unconstrained build operations Thread 7"        [_thread_blocked, id=8696, stack(0x0000007a4a700000,0x0000007a4a800000) (1024K)]
  0x000001c8f0990670 JavaThread "Unconstrained build operations Thread 8"        [_thread_blocked, id=9340, stack(0x0000007a4a800000,0x0000007a4a900000) (1024K)]
  0x000001c8f0992740 JavaThread "Unconstrained build operations Thread 9"        [_thread_blocked, id=15016, stack(0x0000007a4a900000,0x0000007a4aa00000) (1024K)]
  0x000001c8f0994180 JavaThread "Unconstrained build operations Thread 10"        [_thread_blocked, id=19208, stack(0x0000007a4aa00000,0x0000007a4ab00000) (1024K)]
=>0x000001c8efa55a10 JavaThread "C2 CompilerThread1"         daemon [_thread_in_native, id=2308, stack(0x0000007a4a400000,0x0000007a4a500000) (1024K)]
Total: 47

Other Threads:
  0x000001c8e7aa1e40 VMThread "VM Thread"                           [id=18720, stack(0x0000007a47900000,0x0000007a47a00000) (1024K)]
  0x000001c8e7951cb0 WatcherThread "VM Periodic Task Thread"        [id=9136, stack(0x0000007a47800000,0x0000007a47900000) (1024K)]
  0x000001c8d0bc7c00 WorkerThread "GC Thread#0"                     [id=11648, stack(0x0000007a47300000,0x0000007a47400000) (1024K)]
  0x000001c8ec2e3240 WorkerThread "GC Thread#1"                     [id=13124, stack(0x0000007a48400000,0x0000007a48500000) (1024K)]
  0x000001c8ec2dc4b0 WorkerThread "GC Thread#2"                     [id=16964, stack(0x0000007a48500000,0x0000007a48600000) (1024K)]
  0x000001c8ec2dc850 WorkerThread "GC Thread#3"                     [id=4376, stack(0x0000007a48600000,0x0000007a48700000) (1024K)]
  0x000001c8d0bd9830 ConcurrentGCThread "G1 Main Marker"            [id=17148, stack(0x0000007a47400000,0x0000007a47500000) (1024K)]
  0x000001c8d0bda140 WorkerThread "G1 Conc#0"                       [id=4520, stack(0x0000007a47500000,0x0000007a47600000) (1024K)]
  0x000001c8e7901890 ConcurrentGCThread "G1 Refine#0"               [id=9416, stack(0x0000007a47600000,0x0000007a47700000) (1024K)]
  0x000001c8e7904ce0 ConcurrentGCThread "G1 Service"                [id=18252, stack(0x0000007a47700000,0x0000007a47800000) (1024K)]
Total: 10

Threads with active compile tasks:
C2 CompilerThread0    19859 7682       4       org.jetbrains.kotlin.protobuf.GeneratedMessageLite$ExtendableMessage::newExtensionWriter (11 bytes)
C1 CompilerThread0    19859 7722       3       org.jetbrains.kotlin.utils.addToStdlib.AddToStdlibKt::flattenTo (50 bytes)
C2 CompilerThread1    19859 7657   !   4       org.jetbrains.kotlin.metadata.ProtoBuf$Function::<init> (1410 bytes)
Total: 3

VM state: not at safepoint (normal execution)

VM Mutex/Monitor currently owned by a thread:  ([mutex/lock_event])
[0x00007ffe0ce80b48] MethodCompileQueue_lock - owner thread: 0x000001c8e7b41750
[0x00007ffe0ce81fc8] CodeCache_lock - owner thread: 0x000001c8e7b41750

Heap address: 0x0000000080000000, size: 2048 MB, Compressed Oops mode: 32-bit

CDS archive(s) not mapped
Compressed class space mapped at: 0x0000000100000000-0x0000000140000000, reserved size: 1073741824
Narrow klass base: 0x0000000000000000, Narrow klass shift: 3, Narrow klass range: 0x140000000

GC Precious Log:
 CardTable entry size: 512
 Card Set container configuration: InlinePtr #cards 5 size 8 Array Of Cards #cards 12 size 40 Howl #buckets 4 coarsen threshold 1843 Howl Bitmap #cards 512 size 80 coarsen threshold 460 Card regions per heap region 1 cards per card region 2048
 CPUs: 4 total, 4 available
 Memory: 20263M
 Large Page Support: Disabled
 NUMA Support: Disabled
 Compressed Oops: Enabled (32-bit)
 Heap Region Size: 1M
 Heap Min Capacity: 8M
 Heap Initial Capacity: 318M
 Heap Max Capacity: 2G
 Pre-touch: Disabled
 Parallel Workers: 4
 Concurrent Workers: 1
 Concurrent Refinement Workers: 4
 Periodic GC: Disabled

Heap:
 garbage-first heap   total 193536K, used 132302K [0x0000000080000000, 0x0000000100000000)
  region size 1024K, 30 young (30720K), 5 survivors (5120K)
 Metaspace       used 97611K, committed 99584K, reserved 1179648K
  class space    used 13052K, committed 14016K, reserved 1048576K

Heap Regions: E=young(eden), S=young(survivor), O=old, HS=humongous(starts), HC=humongous(continues), CS=collection set, F=free, TAMS=top-at-mark-start, PB=parsable bottom
|   0|0x0000000080000000, 0x0000000080100000, 0x0000000080100000|100%|HS|  |TAMS 0x0000000080000000| PB 0x0000000080000000| Complete 
|   1|0x0000000080100000, 0x0000000080200000, 0x0000000080200000|100%|HC|  |TAMS 0x0000000080100000| PB 0x0000000080100000| Complete 
|   2|0x0000000080200000, 0x0000000080300000, 0x0000000080300000|100%|HC|  |TAMS 0x0000000080200000| PB 0x0000000080200000| Complete 
|   3|0x0000000080300000, 0x0000000080400000, 0x0000000080400000|100%|HC|  |TAMS 0x0000000080300000| PB 0x0000000080300000| Complete 
|   4|0x0000000080400000, 0x0000000080500000, 0x0000000080500000|100%| O|  |TAMS 0x0000000080400000| PB 0x0000000080400000| Untracked 
|   5|0x0000000080500000, 0x0000000080600000, 0x0000000080600000|100%| O|  |TAMS 0x0000000080500000| PB 0x0000000080500000| Untracked 
|   6|0x0000000080600000, 0x0000000080700000, 0x0000000080700000|100%| O|  |TAMS 0x0000000080600000| PB 0x0000000080600000| Untracked 
|   7|0x0000000080700000, 0x0000000080800000, 0x0000000080800000|100%| O|  |TAMS 0x0000000080700000| PB 0x0000000080700000| Untracked 
|   8|0x0000000080800000, 0x0000000080900000, 0x0000000080900000|100%|HS|  |TAMS 0x0000000080800000| PB 0x0000000080800000| Complete 
|   9|0x0000000080900000, 0x0000000080a00000, 0x0000000080a00000|100%| O|  |TAMS 0x0000000080900000| PB 0x0000000080900000| Untracked 
|  10|0x0000000080a00000, 0x0000000080b00000, 0x0000000080b00000|100%| O|  |TAMS 0x0000000080a00000| PB 0x0000000080a00000| Untracked 
|  11|0x0000000080b00000, 0x0000000080c00000, 0x0000000080c00000|100%| O|  |TAMS 0x0000000080b00000| PB 0x0000000080b00000| Untracked 
|  12|0x0000000080c00000, 0x0000000080d00000, 0x0000000080d00000|100%| O|  |TAMS 0x0000000080c00000| PB 0x0000000080c00000| Untracked 
|  13|0x0000000080d00000, 0x0000000080e00000, 0x0000000080e00000|100%| O|  |TAMS 0x0000000080d00000| PB 0x0000000080d00000| Untracked 
|  14|0x0000000080e00000, 0x0000000080f00000, 0x0000000080f00000|100%| O|  |TAMS 0x0000000080e00000| PB 0x0000000080e00000| Untracked 
|  15|0x0000000080f00000, 0x0000000081000000, 0x0000000081000000|100%| O|  |TAMS 0x0000000080f00000| PB 0x0000000080f00000| Untracked 
|  16|0x0000000081000000, 0x0000000081100000, 0x0000000081100000|100%| O|  |TAMS 0x0000000081000000| PB 0x0000000081000000| Untracked 
|  17|0x0000000081100000, 0x0000000081200000, 0x0000000081200000|100%| O|  |TAMS 0x0000000081100000| PB 0x0000000081100000| Untracked 
|  18|0x0000000081200000, 0x0000000081300000, 0x0000000081300000|100%| O|  |TAMS 0x0000000081200000| PB 0x0000000081200000| Untracked 
|  19|0x0000000081300000, 0x0000000081400000, 0x0000000081400000|100%| O|  |TAMS 0x0000000081300000| PB 0x0000000081300000| Untracked 
|  20|0x0000000081400000, 0x0000000081500000, 0x0000000081500000|100%| O|  |TAMS 0x0000000081400000| PB 0x0000000081400000| Untracked 
|  21|0x0000000081500000, 0x0000000081600000, 0x0000000081600000|100%| O|  |TAMS 0x0000000081500000| PB 0x0000000081500000| Untracked 
|  22|0x0000000081600000, 0x0000000081700000, 0x0000000081700000|100%|HS|  |TAMS 0x0000000081600000| PB 0x0000000081600000| Complete 
|  23|0x0000000081700000, 0x0000000081800000, 0x0000000081800000|100%|HC|  |TAMS 0x0000000081700000| PB 0x0000000081700000| Complete 
|  24|0x0000000081800000, 0x0000000081900000, 0x0000000081900000|100%|HC|  |TAMS 0x0000000081800000| PB 0x0000000081800000| Complete 
|  25|0x0000000081900000, 0x0000000081a00000, 0x0000000081a00000|100%|HC|  |TAMS 0x0000000081900000| PB 0x0000000081900000| Complete 
|  26|0x0000000081a00000, 0x0000000081b00000, 0x0000000081b00000|100%|HC|  |TAMS 0x0000000081a00000| PB 0x0000000081a00000| Complete 
|  27|0x0000000081b00000, 0x0000000081c00000, 0x0000000081c00000|100%|HC|  |TAMS 0x0000000081b00000| PB 0x0000000081b00000| Complete 
|  28|0x0000000081c00000, 0x0000000081d00000, 0x0000000081d00000|100%|HS|  |TAMS 0x0000000081c00000| PB 0x0000000081c00000| Complete 
|  29|0x0000000081d00000, 0x0000000081e00000, 0x0000000081e00000|100%|HC|  |TAMS 0x0000000081d00000| PB 0x0000000081d00000| Complete 
|  30|0x0000000081e00000, 0x0000000081f00000, 0x0000000081f00000|100%|HC|  |TAMS 0x0000000081e00000| PB 0x0000000081e00000| Complete 
|  31|0x0000000081f00000, 0x0000000082000000, 0x0000000082000000|100%|HS|  |TAMS 0x0000000081f00000| PB 0x0000000081f00000| Complete 
|  32|0x0000000082000000, 0x0000000082100000, 0x0000000082100000|100%|HC|  |TAMS 0x0000000082000000| PB 0x0000000082000000| Complete 
|  33|0x0000000082100000, 0x0000000082200000, 0x0000000082200000|100%| O|  |TAMS 0x0000000082100000| PB 0x0000000082100000| Untracked 
|  34|0x0000000082200000, 0x0000000082300000, 0x0000000082300000|100%| O|  |TAMS 0x0000000082200000| PB 0x0000000082200000| Untracked 
|  35|0x0000000082300000, 0x0000000082400000, 0x0000000082400000|100%| O|  |TAMS 0x0000000082300000| PB 0x0000000082300000| Untracked 
|  36|0x0000000082400000, 0x0000000082500000, 0x0000000082500000|100%|HS|  |TAMS 0x0000000082400000| PB 0x0000000082400000| Complete 
|  37|0x0000000082500000, 0x0000000082600000, 0x0000000082600000|100%|HS|  |TAMS 0x0000000082500000| PB 0x0000000082500000| Complete 
|  38|0x0000000082600000, 0x0000000082700000, 0x0000000082700000|100%| O|  |TAMS 0x0000000082600000| PB 0x0000000082600000| Untracked 
|  39|0x0000000082700000, 0x0000000082800000, 0x0000000082800000|100%| O|  |TAMS 0x0000000082700000| PB 0x0000000082700000| Untracked 
|  40|0x0000000082800000, 0x0000000082900000, 0x0000000082900000|100%| O|  |TAMS 0x0000000082800000| PB 0x0000000082800000| Untracked 
|  41|0x0000000082900000, 0x0000000082a00000, 0x0000000082a00000|100%| O|  |TAMS 0x0000000082900000| PB 0x0000000082900000| Untracked 
|  42|0x0000000082a00000, 0x0000000082b00000, 0x0000000082b00000|100%| O|Cm|TAMS 0x0000000082a00000| PB 0x0000000082a00000| Complete 
|  43|0x0000000082b00000, 0x0000000082c00000, 0x0000000082c00000|100%| O|  |TAMS 0x0000000082b00000| PB 0x0000000082b00000| Untracked 
|  44|0x0000000082c00000, 0x0000000082d00000, 0x0000000082d00000|100%|HS|  |TAMS 0x0000000082c00000| PB 0x0000000082c00000| Complete 
|  45|0x0000000082d00000, 0x0000000082e00000, 0x0000000082e00000|100%|HC|  |TAMS 0x0000000082d00000| PB 0x0000000082d00000| Complete 
|  46|0x0000000082e00000, 0x0000000082f00000, 0x0000000082f00000|100%|HC|  |TAMS 0x0000000082e00000| PB 0x0000000082e00000| Complete 
|  47|0x0000000082f00000, 0x0000000083000000, 0x0000000083000000|100%|HC|  |TAMS 0x0000000082f00000| PB 0x0000000082f00000| Complete 
|  48|0x0000000083000000, 0x0000000083100000, 0x0000000083100000|100%|HC|  |TAMS 0x0000000083000000| PB 0x0000000083000000| Complete 
|  49|0x0000000083100000, 0x0000000083200000, 0x0000000083200000|100%|HC|  |TAMS 0x0000000083100000| PB 0x0000000083100000| Complete 
|  50|0x0000000083200000, 0x0000000083300000, 0x0000000083300000|100%| O|  |TAMS 0x0000000083200000| PB 0x0000000083200000| Untracked 
|  51|0x0000000083300000, 0x0000000083400000, 0x0000000083400000|100%|HS|  |TAMS 0x0000000083300000| PB 0x0000000083300000| Complete 
|  52|0x0000000083400000, 0x0000000083500000, 0x0000000083500000|100%|HC|  |TAMS 0x0000000083400000| PB 0x0000000083400000| Complete 
|  53|0x0000000083500000, 0x0000000083600000, 0x0000000083600000|100%| O|  |TAMS 0x0000000083500000| PB 0x0000000083500000| Untracked 
|  54|0x0000000083600000, 0x0000000083700000, 0x0000000083700000|100%| O|  |TAMS 0x0000000083600000| PB 0x0000000083600000| Untracked 
|  55|0x0000000083700000, 0x0000000083800000, 0x0000000083800000|100%| O|  |TAMS 0x0000000083700000| PB 0x0000000083700000| Untracked 
|  56|0x0000000083800000, 0x0000000083900000, 0x0000000083900000|100%| O|  |TAMS 0x0000000083800000| PB 0x0000000083800000| Untracked 
|  57|0x0000000083900000, 0x0000000083a00000, 0x0000000083a00000|100%|HS|  |TAMS 0x0000000083900000| PB 0x0000000083900000| Complete 
|  58|0x0000000083a00000, 0x0000000083b00000, 0x0000000083b00000|100%|HC|  |TAMS 0x0000000083a00000| PB 0x0000000083a00000| Complete 
|  59|0x0000000083b00000, 0x0000000083c00000, 0x0000000083c00000|100%|HC|  |TAMS 0x0000000083b00000| PB 0x0000000083b00000| Complete 
|  60|0x0000000083c00000, 0x0000000083d00000, 0x0000000083d00000|100%|HC|  |TAMS 0x0000000083c00000| PB 0x0000000083c00000| Complete 
|  61|0x0000000083d00000, 0x0000000083e00000, 0x0000000083e00000|100%|HC|  |TAMS 0x0000000083d00000| PB 0x0000000083d00000| Complete 
|  62|0x0000000083e00000, 0x0000000083f00000, 0x0000000083f00000|100%|HC|  |TAMS 0x0000000083e00000| PB 0x0000000083e00000| Complete 
|  63|0x0000000083f00000, 0x0000000084000000, 0x0000000084000000|100%| O|  |TAMS 0x0000000083f00000| PB 0x0000000083f00000| Untracked 
|  64|0x0000000084000000, 0x0000000084100000, 0x0000000084100000|100%| O|  |TAMS 0x0000000084000000| PB 0x0000000084000000| Untracked 
|  65|0x0000000084100000, 0x0000000084200000, 0x0000000084200000|100%| O|  |TAMS 0x0000000084100000| PB 0x0000000084100000| Untracked 
|  66|0x0000000084200000, 0x0000000084300000, 0x0000000084300000|100%| O|  |TAMS 0x0000000084200000| PB 0x0000000084200000| Untracked 
|  67|0x0000000084300000, 0x0000000084400000, 0x0000000084400000|100%| O|  |TAMS 0x0000000084300000| PB 0x0000000084300000| Untracked 
|  68|0x0000000084400000, 0x0000000084500000, 0x0000000084500000|100%| O|  |TAMS 0x0000000084400000| PB 0x0000000084400000| Untracked 
|  69|0x0000000084500000, 0x0000000084600000, 0x0000000084600000|100%|HS|  |TAMS 0x0000000084500000| PB 0x0000000084500000| Complete 
|  70|0x0000000084600000, 0x0000000084700000, 0x0000000084700000|100%|HC|  |TAMS 0x0000000084600000| PB 0x0000000084600000| Complete 
|  71|0x0000000084700000, 0x0000000084800000, 0x0000000084800000|100%|HC|  |TAMS 0x0000000084700000| PB 0x0000000084700000| Complete 
|  72|0x0000000084800000, 0x0000000084900000, 0x0000000084900000|100%|HC|  |TAMS 0x0000000084800000| PB 0x0000000084800000| Complete 
|  73|0x0000000084900000, 0x0000000084a00000, 0x0000000084a00000|100%|HC|  |TAMS 0x0000000084900000| PB 0x0000000084900000| Complete 
|  74|0x0000000084a00000, 0x0000000084b00000, 0x0000000084b00000|100%|HC|  |TAMS 0x0000000084a00000| PB 0x0000000084a00000| Complete 
|  75|0x0000000084b00000, 0x0000000084c00000, 0x0000000084c00000|100%| O|  |TAMS 0x0000000084b00000| PB 0x0000000084b00000| Untracked 
|  76|0x0000000084c00000, 0x0000000084d00000, 0x0000000084d00000|100%| O|  |TAMS 0x0000000084c00000| PB 0x0000000084c00000| Untracked 
|  77|0x0000000084d00000, 0x0000000084e00000, 0x0000000084e00000|100%| O|  |TAMS 0x0000000084d00000| PB 0x0000000084d00000| Untracked 
|  78|0x0000000084e00000, 0x0000000084f00000, 0x0000000084f00000|100%| O|  |TAMS 0x0000000084e00000| PB 0x0000000084e00000| Untracked 
|  79|0x0000000084f00000, 0x0000000085000000, 0x0000000085000000|100%| O|  |TAMS 0x0000000084f00000| PB 0x0000000084f00000| Untracked 
|  80|0x0000000085000000, 0x00000000850e7a10, 0x0000000085100000| 90%| O|  |TAMS 0x0000000085000000| PB 0x0000000085000000| Untracked 
|  81|0x0000000085100000, 0x0000000085200000, 0x0000000085200000|100%|HS|  |TAMS 0x0000000085100000| PB 0x0000000085100000| Complete 
|  82|0x0000000085200000, 0x0000000085300000, 0x0000000085300000|100%| O|  |TAMS 0x0000000085200000| PB 0x0000000085200000| Untracked 
|  83|0x0000000085300000, 0x0000000085400000, 0x0000000085400000|100%| O|  |TAMS 0x0000000085300000| PB 0x0000000085300000| Untracked 
|  84|0x0000000085400000, 0x0000000085500000, 0x0000000085500000|100%| O|  |TAMS 0x0000000085400000| PB 0x0000000085400000| Untracked 
|  85|0x0000000085500000, 0x0000000085600000, 0x0000000085600000|100%| O|  |TAMS 0x0000000085500000| PB 0x0000000085500000| Untracked 
|  86|0x0000000085600000, 0x0000000085700000, 0x0000000085700000|100%| O|  |TAMS 0x0000000085600000| PB 0x0000000085600000| Untracked 
|  87|0x0000000085700000, 0x0000000085800000, 0x0000000085800000|100%| O|  |TAMS 0x0000000085700000| PB 0x0000000085700000| Untracked 
|  88|0x0000000085800000, 0x0000000085900000, 0x0000000085900000|100%| O|  |TAMS 0x0000000085800000| PB 0x0000000085800000| Untracked 
|  89|0x0000000085900000, 0x0000000085a00000, 0x0000000085a00000|100%| O|  |TAMS 0x0000000085900000| PB 0x0000000085900000| Untracked 
|  90|0x0000000085a00000, 0x0000000085b00000, 0x0000000085b00000|100%| O|  |TAMS 0x0000000085a00000| PB 0x0000000085a00000| Untracked 
|  91|0x0000000085b00000, 0x0000000085c00000, 0x0000000085c00000|100%| O|  |TAMS 0x0000000085b00000| PB 0x0000000085b00000| Untracked 
|  92|0x0000000085c00000, 0x0000000085c00000, 0x0000000085d00000|  0%| F|  |TAMS 0x0000000085c00000| PB 0x0000000085c00000| Untracked 
|  93|0x0000000085d00000, 0x0000000085d00000, 0x0000000085e00000|  0%| F|  |TAMS 0x0000000085d00000| PB 0x0000000085d00000| Untracked 
|  94|0x0000000085e00000, 0x0000000085e00000, 0x0000000085f00000|  0%| F|  |TAMS 0x0000000085e00000| PB 0x0000000085e00000| Untracked 
|  95|0x0000000085f00000, 0x0000000085f00000, 0x0000000086000000|  0%| F|  |TAMS 0x0000000085f00000| PB 0x0000000085f00000| Untracked 
|  96|0x0000000086000000, 0x0000000086000000, 0x0000000086100000|  0%| F|  |TAMS 0x0000000086000000| PB 0x0000000086000000| Untracked 
|  97|0x0000000086100000, 0x0000000086100000, 0x0000000086200000|  0%| F|  |TAMS 0x0000000086100000| PB 0x0000000086100000| Untracked 
|  98|0x0000000086200000, 0x0000000086200000, 0x0000000086300000|  0%| F|  |TAMS 0x0000000086200000| PB 0x0000000086200000| Untracked 
|  99|0x0000000086300000, 0x0000000086300000, 0x0000000086400000|  0%| F|  |TAMS 0x0000000086300000| PB 0x0000000086300000| Untracked 
| 100|0x0000000086400000, 0x0000000086400000, 0x0000000086500000|  0%| F|  |TAMS 0x0000000086400000| PB 0x0000000086400000| Untracked 
| 101|0x0000000086500000, 0x0000000086500000, 0x0000000086600000|  0%| F|  |TAMS 0x0000000086500000| PB 0x0000000086500000| Untracked 
| 102|0x0000000086600000, 0x0000000086600000, 0x0000000086700000|  0%| F|  |TAMS 0x0000000086600000| PB 0x0000000086600000| Untracked 
| 103|0x0000000086700000, 0x0000000086700000, 0x0000000086800000|  0%| F|  |TAMS 0x0000000086700000| PB 0x0000000086700000| Untracked 
| 104|0x0000000086800000, 0x000000008684c0b0, 0x0000000086900000| 29%| S|CS|TAMS 0x0000000086800000| PB 0x0000000086800000| Complete 
| 105|0x0000000086900000, 0x0000000086a00000, 0x0000000086a00000|100%| S|CS|TAMS 0x0000000086900000| PB 0x0000000086900000| Complete 
| 106|0x0000000086a00000, 0x0000000086b00000, 0x0000000086b00000|100%| S|CS|TAMS 0x0000000086a00000| PB 0x0000000086a00000| Complete 
| 107|0x0000000086b00000, 0x0000000086c00000, 0x0000000086c00000|100%| S|CS|TAMS 0x0000000086b00000| PB 0x0000000086b00000| Complete 
| 108|0x0000000086c00000, 0x0000000086d00000, 0x0000000086d00000|100%| S|CS|TAMS 0x0000000086c00000| PB 0x0000000086c00000| Complete 
| 109|0x0000000086d00000, 0x0000000086d00000, 0x0000000086e00000|  0%| F|  |TAMS 0x0000000086d00000| PB 0x0000000086d00000| Untracked 
| 110|0x0000000086e00000, 0x0000000086e00000, 0x0000000086f00000|  0%| F|  |TAMS 0x0000000086e00000| PB 0x0000000086e00000| Untracked 
| 111|0x0000000086f00000, 0x0000000086f00000, 0x0000000087000000|  0%| F|  |TAMS 0x0000000086f00000| PB 0x0000000086f00000| Untracked 
| 112|0x0000000087000000, 0x0000000087000000, 0x0000000087100000|  0%| F|  |TAMS 0x0000000087000000| PB 0x0000000087000000| Untracked 
| 113|0x0000000087100000, 0x0000000087100000, 0x0000000087200000|  0%| F|  |TAMS 0x0000000087100000| PB 0x0000000087100000| Untracked 
| 114|0x0000000087200000, 0x0000000087200000, 0x0000000087300000|  0%| F|  |TAMS 0x0000000087200000| PB 0x0000000087200000| Untracked 
| 115|0x0000000087300000, 0x0000000087300000, 0x0000000087400000|  0%| F|  |TAMS 0x0000000087300000| PB 0x0000000087300000| Untracked 
| 116|0x0000000087400000, 0x0000000087400000, 0x0000000087500000|  0%| F|  |TAMS 0x0000000087400000| PB 0x0000000087400000| Untracked 
| 117|0x0000000087500000, 0x0000000087500000, 0x0000000087600000|  0%| F|  |TAMS 0x0000000087500000| PB 0x0000000087500000| Untracked 
| 118|0x0000000087600000, 0x0000000087600000, 0x0000000087700000|  0%| F|  |TAMS 0x0000000087600000| PB 0x0000000087600000| Untracked 
| 119|0x0000000087700000, 0x0000000087700000, 0x0000000087800000|  0%| F|  |TAMS 0x0000000087700000| PB 0x0000000087700000| Untracked 
| 120|0x0000000087800000, 0x0000000087800000, 0x0000000087900000|  0%| F|  |TAMS 0x0000000087800000| PB 0x0000000087800000| Untracked 
| 121|0x0000000087900000, 0x0000000087900000, 0x0000000087a00000|  0%| F|  |TAMS 0x0000000087900000| PB 0x0000000087900000| Untracked 
| 122|0x0000000087a00000, 0x0000000087a00000, 0x0000000087b00000|  0%| F|  |TAMS 0x0000000087a00000| PB 0x0000000087a00000| Untracked 
| 123|0x0000000087b00000, 0x0000000087b00000, 0x0000000087c00000|  0%| F|  |TAMS 0x0000000087b00000| PB 0x0000000087b00000| Untracked 
| 124|0x0000000087c00000, 0x0000000087c00000, 0x0000000087d00000|  0%| F|  |TAMS 0x0000000087c00000| PB 0x0000000087c00000| Untracked 
| 125|0x0000000087d00000, 0x0000000087d00000, 0x0000000087e00000|  0%| F|  |TAMS 0x0000000087d00000| PB 0x0000000087d00000| Untracked 
| 126|0x0000000087e00000, 0x0000000087e00000, 0x0000000087f00000|  0%| F|  |TAMS 0x0000000087e00000| PB 0x0000000087e00000| Untracked 
| 127|0x0000000087f00000, 0x0000000087f00000, 0x0000000088000000|  0%| F|  |TAMS 0x0000000087f00000| PB 0x0000000087f00000| Untracked 
| 128|0x0000000088000000, 0x0000000088000000, 0x0000000088100000|  0%| F|  |TAMS 0x0000000088000000| PB 0x0000000088000000| Untracked 
| 129|0x0000000088100000, 0x0000000088100000, 0x0000000088200000|  0%| F|  |TAMS 0x0000000088100000| PB 0x0000000088100000| Untracked 
| 130|0x0000000088200000, 0x0000000088200000, 0x0000000088300000|  0%| F|  |TAMS 0x0000000088200000| PB 0x0000000088200000| Untracked 
| 131|0x0000000088300000, 0x0000000088300000, 0x0000000088400000|  0%| F|  |TAMS 0x0000000088300000| PB 0x0000000088300000| Untracked 
| 132|0x0000000088400000, 0x0000000088400000, 0x0000000088500000|  0%| F|  |TAMS 0x0000000088400000| PB 0x0000000088400000| Untracked 
| 133|0x0000000088500000, 0x0000000088500000, 0x0000000088600000|  0%| F|  |TAMS 0x0000000088500000| PB 0x0000000088500000| Untracked 
| 134|0x0000000088600000, 0x0000000088600000, 0x0000000088700000|  0%| F|  |TAMS 0x0000000088600000| PB 0x0000000088600000| Untracked 
| 135|0x0000000088700000, 0x0000000088700000, 0x0000000088800000|  0%| F|  |TAMS 0x0000000088700000| PB 0x0000000088700000| Untracked 
| 136|0x0000000088800000, 0x0000000088800000, 0x0000000088900000|  0%| F|  |TAMS 0x0000000088800000| PB 0x0000000088800000| Untracked 
| 137|0x0000000088900000, 0x0000000088900000, 0x0000000088a00000|  0%| F|  |TAMS 0x0000000088900000| PB 0x0000000088900000| Untracked 
| 138|0x0000000088a00000, 0x0000000088a00000, 0x0000000088b00000|  0%| F|  |TAMS 0x0000000088a00000| PB 0x0000000088a00000| Untracked 
| 139|0x0000000088b00000, 0x0000000088b00000, 0x0000000088c00000|  0%| F|  |TAMS 0x0000000088b00000| PB 0x0000000088b00000| Untracked 
| 140|0x0000000088c00000, 0x0000000088c00000, 0x0000000088d00000|  0%| F|  |TAMS 0x0000000088c00000| PB 0x0000000088c00000| Untracked 
| 141|0x0000000088d00000, 0x0000000088d00000, 0x0000000088e00000|  0%| F|  |TAMS 0x0000000088d00000| PB 0x0000000088d00000| Untracked 
| 142|0x0000000088e00000, 0x0000000088e00000, 0x0000000088f00000|  0%| F|  |TAMS 0x0000000088e00000| PB 0x0000000088e00000| Untracked 
| 143|0x0000000088f00000, 0x0000000088f00000, 0x0000000089000000|  0%| F|  |TAMS 0x0000000088f00000| PB 0x0000000088f00000| Untracked 
| 144|0x0000000089000000, 0x0000000089000000, 0x0000000089100000|  0%| F|  |TAMS 0x0000000089000000| PB 0x0000000089000000| Untracked 
| 145|0x0000000089100000, 0x0000000089100000, 0x0000000089200000|  0%| F|  |TAMS 0x0000000089100000| PB 0x0000000089100000| Untracked 
| 146|0x0000000089200000, 0x0000000089200000, 0x0000000089300000|  0%| F|  |TAMS 0x0000000089200000| PB 0x0000000089200000| Untracked 
| 147|0x0000000089300000, 0x0000000089300000, 0x0000000089400000|  0%| F|  |TAMS 0x0000000089300000| PB 0x0000000089300000| Untracked 
| 148|0x0000000089400000, 0x0000000089400000, 0x0000000089500000|  0%| F|  |TAMS 0x0000000089400000| PB 0x0000000089400000| Untracked 
| 149|0x0000000089500000, 0x0000000089500000, 0x0000000089600000|  0%| F|  |TAMS 0x0000000089500000| PB 0x0000000089500000| Untracked 
| 150|0x0000000089600000, 0x0000000089600000, 0x0000000089700000|  0%| F|  |TAMS 0x0000000089600000| PB 0x0000000089600000| Untracked 
| 151|0x0000000089700000, 0x0000000089700000, 0x0000000089800000|  0%| F|  |TAMS 0x0000000089700000| PB 0x0000000089700000| Untracked 
| 152|0x0000000089800000, 0x0000000089800000, 0x0000000089900000|  0%| F|  |TAMS 0x0000000089800000| PB 0x0000000089800000| Untracked 
| 153|0x0000000089900000, 0x0000000089900000, 0x0000000089a00000|  0%| F|  |TAMS 0x0000000089900000| PB 0x0000000089900000| Untracked 
| 154|0x0000000089a00000, 0x0000000089a00000, 0x0000000089b00000|  0%| F|  |TAMS 0x0000000089a00000| PB 0x0000000089a00000| Untracked 
| 155|0x0000000089b00000, 0x0000000089b04700, 0x0000000089c00000|  1%| E|  |TAMS 0x0000000089b00000| PB 0x0000000089b00000| Complete 
| 156|0x0000000089c00000, 0x0000000089d00000, 0x0000000089d00000|100%| E|CS|TAMS 0x0000000089c00000| PB 0x0000000089c00000| Complete 
| 157|0x0000000089d00000, 0x0000000089e00000, 0x0000000089e00000|100%| E|CS|TAMS 0x0000000089d00000| PB 0x0000000089d00000| Complete 
| 158|0x0000000089e00000, 0x0000000089f00000, 0x0000000089f00000|100%| E|CS|TAMS 0x0000000089e00000| PB 0x0000000089e00000| Complete 
| 159|0x0000000089f00000, 0x000000008a000000, 0x000000008a000000|100%| E|CS|TAMS 0x0000000089f00000| PB 0x0000000089f00000| Complete 
| 160|0x000000008a000000, 0x000000008a100000, 0x000000008a100000|100%| E|CS|TAMS 0x000000008a000000| PB 0x000000008a000000| Complete 
| 161|0x000000008a100000, 0x000000008a200000, 0x000000008a200000|100%| E|CS|TAMS 0x000000008a100000| PB 0x000000008a100000| Complete 
| 162|0x000000008a200000, 0x000000008a300000, 0x000000008a300000|100%| E|CS|TAMS 0x000000008a200000| PB 0x000000008a200000| Complete 
| 163|0x000000008a300000, 0x000000008a400000, 0x000000008a400000|100%| E|CS|TAMS 0x000000008a300000| PB 0x000000008a300000| Complete 
| 164|0x000000008a400000, 0x000000008a500000, 0x000000008a500000|100%| E|CS|TAMS 0x000000008a400000| PB 0x000000008a400000| Complete 
| 165|0x000000008a500000, 0x000000008a600000, 0x000000008a600000|100%| E|CS|TAMS 0x000000008a500000| PB 0x000000008a500000| Complete 
| 166|0x000000008a600000, 0x000000008a700000, 0x000000008a700000|100%| E|CS|TAMS 0x000000008a600000| PB 0x000000008a600000| Complete 
| 167|0x000000008a700000, 0x000000008a800000, 0x000000008a800000|100%| E|CS|TAMS 0x000000008a700000| PB 0x000000008a700000| Complete 
| 168|0x000000008a800000, 0x000000008a900000, 0x000000008a900000|100%| E|CS|TAMS 0x000000008a800000| PB 0x000000008a800000| Complete 
| 169|0x000000008a900000, 0x000000008aa00000, 0x000000008aa00000|100%| E|CS|TAMS 0x000000008a900000| PB 0x000000008a900000| Complete 
| 170|0x000000008aa00000, 0x000000008ab00000, 0x000000008ab00000|100%| E|CS|TAMS 0x000000008aa00000| PB 0x000000008aa00000| Complete 
| 171|0x000000008ab00000, 0x000000008ac00000, 0x000000008ac00000|100%| E|CS|TAMS 0x000000008ab00000| PB 0x000000008ab00000| Complete 
| 172|0x000000008ac00000, 0x000000008ad00000, 0x000000008ad00000|100%| E|CS|TAMS 0x000000008ac00000| PB 0x000000008ac00000| Complete 
| 173|0x000000008ad00000, 0x000000008ae00000, 0x000000008ae00000|100%| E|CS|TAMS 0x000000008ad00000| PB 0x000000008ad00000| Complete 
| 174|0x000000008ae00000, 0x000000008af00000, 0x000000008af00000|100%| E|CS|TAMS 0x000000008ae00000| PB 0x000000008ae00000| Complete 
| 175|0x000000008af00000, 0x000000008b000000, 0x000000008b000000|100%| E|CS|TAMS 0x000000008af00000| PB 0x000000008af00000| Complete 
| 176|0x000000008b000000, 0x000000008b100000, 0x000000008b100000|100%| E|CS|TAMS 0x000000008b000000| PB 0x000000008b000000| Complete 
| 177|0x000000008b100000, 0x000000008b200000, 0x000000008b200000|100%| E|CS|TAMS 0x000000008b100000| PB 0x000000008b100000| Complete 
| 239|0x000000008ef00000, 0x000000008f000000, 0x000000008f000000|100%| E|CS|TAMS 0x000000008ef00000| PB 0x000000008ef00000| Complete 
| 317|0x0000000093d00000, 0x0000000093e00000, 0x0000000093e00000|100%| E|CS|TAMS 0x0000000093d00000| PB 0x0000000093d00000| Complete 
|2039|0x00000000ff700000, 0x00000000ff800000, 0x00000000ff800000|100%| O|Cm|TAMS 0x00000000ff700000| PB 0x00000000ff700000| Complete 
|2040|0x00000000ff800000, 0x00000000ff900000, 0x00000000ff900000|100%| O|  |TAMS 0x00000000ff800000| PB 0x00000000ff800000| Untracked 
|2041|0x00000000ff900000, 0x00000000ffa00000, 0x00000000ffa00000|100%| O|  |TAMS 0x00000000ff900000| PB 0x00000000ff900000| Untracked 
|2042|0x00000000ffa00000, 0x00000000ffb00000, 0x00000000ffb00000|100%| O|  |TAMS 0x00000000ffa00000| PB 0x00000000ffa00000| Untracked 
|2043|0x00000000ffb00000, 0x00000000ffc00000, 0x00000000ffc00000|100%| O|  |TAMS 0x00000000ffb00000| PB 0x00000000ffb00000| Untracked 
|2044|0x00000000ffc00000, 0x00000000ffd00000, 0x00000000ffd00000|100%| O|  |TAMS 0x00000000ffc00000| PB 0x00000000ffc00000| Untracked 
|2045|0x00000000ffd00000, 0x00000000ffe00000, 0x00000000ffe00000|100%| O|  |TAMS 0x00000000ffd00000| PB 0x00000000ffd00000| Untracked 
|2046|0x00000000ffe00000, 0x00000000fff00000, 0x00000000fff00000|100%| O|  |TAMS 0x00000000ffe00000| PB 0x00000000ffe00000| Untracked 
|2047|0x00000000fff00000, 0x0000000100000000, 0x0000000100000000|100%| O|  |TAMS 0x00000000fff00000| PB 0x00000000fff00000| Untracked 

Card table byte_map: [0x000001c8e3070000,0x000001c8e3470000] _byte_map_base: 0x000001c8e2c70000

Marking Bits: (CMBitMap*) 0x000001c8d0bc8110
 Bits: [0x000001c8e3470000, 0x000001c8e5470000)

Polling page: 0x000001c8cea90000

Metaspace:

Usage:
  Non-class:     82.58 MB used.
      Class:     12.75 MB used.
       Both:     95.32 MB used.

Virtual space:
  Non-class space:      128.00 MB reserved,      83.56 MB ( 65%) committed,  2 nodes.
      Class space:        1.00 GB reserved,      13.69 MB (  1%) committed,  1 nodes.
             Both:        1.12 GB reserved,      97.25 MB (  8%) committed. 

Chunk freelists:
   Non-Class:  11.61 MB
       Class:  2.34 MB
        Both:  13.95 MB

MaxMetaspaceSize: unlimited
CompressedClassSpaceSize: 1.00 GB
Initial GC threshold: 21.00 MB
Current GC threshold: 162.12 MB
CDS: off
 - commit_granule_bytes: 65536.
 - commit_granule_words: 8192.
 - virtual_space_node_default_size: 8388608.
 - enlarge_chunks_in_place: 1.
 - use_allocation_guard: 0.


Internal statistics:

num_allocs_failed_limit: 15.
num_arena_births: 3722.
num_arena_deaths: 0.
num_vsnodes_births: 3.
num_vsnodes_deaths: 0.
num_space_committed: 1554.
num_space_uncommitted: 0.
num_chunks_returned_to_freelist: 15.
num_chunks_taken_from_freelist: 7530.
num_chunk_merges: 15.
num_chunk_splits: 5224.
num_chunks_enlarged: 3516.
num_inconsistent_stats: 0.

CodeHeap 'non-profiled nmethods': size=120000Kb used=3663Kb max_used=3772Kb free=116337Kb
 bounds [0x000001c8db740000, 0x000001c8dbb00000, 0x000001c8e2c70000]
CodeHeap 'profiled nmethods': size=120000Kb used=12818Kb max_used=13865Kb free=107181Kb
 bounds [0x000001c8d3c70000, 0x000001c8d4a00000, 0x000001c8db1a0000]
CodeHeap 'non-nmethods': size=5760Kb used=3096Kb max_used=3132Kb free=2663Kb
 bounds [0x000001c8db1a0000, 0x000001c8db4c0000, 0x000001c8db740000]
 total_blobs=7564 nmethods=6603 adapters=865
 compilation: enabled
              stopped_count=0, restarted_count=0
 full_count=0

Compilation events (20 events):
Event: 18.764 Thread 0x000001c8e7b41750 nmethod 7693 0x000001c8db7b1810 code [0x000001c8db7b19a0, 0x000001c8db7b1a68]
Event: 18.774 Thread 0x000001c8e7b41750 7694       1       org.jetbrains.kotlin.load.java.lazy.JavaResolverComponents::getDeserializedDescriptorResolver (5 bytes)
Event: 18.774 Thread 0x000001c8e7b41750 nmethod 7694 0x000001c8db802510 code [0x000001c8db8026a0, 0x000001c8db802768]
Event: 18.776 Thread 0x000001c8e7b41750 7695       2       org.jetbrains.kotlin.metadata.jvm.JvmProtoBuf$StringTableTypes$Record$Operation::valueOf (42 bytes)
Event: 18.776 Thread 0x000001c8e7b41750 nmethod 7695 0x000001c8d3d1aa10 code [0x000001c8d3d1abc0, 0x000001c8d3d1ad68]
Event: 18.789 Thread 0x000001c8e7b42c30 nmethod 7649 0x000001c8dbaef390 code [0x000001c8dbaef9e0, 0x000001c8dbaf5280]
Event: 18.789 Thread 0x000001c8e7b42c30 7656       4       org.jetbrains.kotlin.protobuf.CodedInputStream::readRawVarint64SlowPath (48 bytes)
Event: 18.792 Thread 0x000001c8e7b41750 7696       2       org.jetbrains.kotlin.protobuf.AbstractParser::checkMessageInitialized (28 bytes)
Event: 18.792 Thread 0x000001c8e7b41750 nmethod 7696 0x000001c8d3d24990 code [0x000001c8d3d24ba0, 0x000001c8d3d24f68]
Event: 18.793 Thread 0x000001c8e7b42c30 nmethod 7656 0x000001c8db92cb90 code [0x000001c8db92cd20, 0x000001c8db92ced0]
Event: 18.793 Thread 0x000001c8e7b42c30 7663       4       org.jetbrains.kotlin.metadata.ProtoBuf$Type::isInitialized (145 bytes)
Event: 18.800 Thread 0x000001c8e7b41750 7697       2       org.jetbrains.kotlin.load.kotlin.FileBasedKotlinClass::getClassHeader (14 bytes)
Event: 18.801 Thread 0x000001c8e7b41750 nmethod 7697 0x000001c8d40bb310 code [0x000001c8d40bb4c0, 0x000001c8d40bb600]
Event: 18.805 Thread 0x000001c8e7b41750 7700   !   2       org.jetbrains.kotlin.protobuf.AbstractParser::parsePartialFrom (37 bytes)
Event: 18.806 Thread 0x000001c8e7b41750 nmethod 7700 0x000001c8d3d49c90 code [0x000001c8d3d49e80, 0x000001c8d3d4a168]
Event: 18.806 Thread 0x000001c8e7b41750 7701       2       org.jetbrains.kotlin.protobuf.CodedInputStream::newInstance (9 bytes)
Event: 18.806 Thread 0x000001c8e7b41750 nmethod 7701 0x000001c8d3d9f590 code [0x000001c8d3d9f740, 0x000001c8d3d9f8b0]
Event: 18.806 Thread 0x000001c8e7b41750 7702       2       org.jetbrains.kotlin.protobuf.CodedInputStream::<init> (69 bytes)
Event: 18.806 Thread 0x000001c8e7b41750 nmethod 7702 0x000001c8d3dc6d90 code [0x000001c8d3dc6f40, 0x000001c8d3dc7200]
Event: 18.818 Thread 0x000001c8e7b41750 7705       2       org.jetbrains.kotlin.serialization.deserialization.descriptors.DeserializedMemberScope$OptimizedImplementation::<init> (881 bytes)

GC Heap History (20 events):
Event: 6.440 GC heap before
{Heap before GC invocations=6 (full 0):
 garbage-first heap   total 78848K, used 59702K [0x0000000080000000, 0x0000000100000000)
  region size 1024K, 29 young (29696K), 5 survivors (5120K)
 Metaspace       used 35093K, committed 35968K, reserved 1114112K
  class space    used 4740K, committed 5184K, reserved 1048576K
}
Event: 6.450 GC heap after
{Heap after GC invocations=7 (full 0):
 garbage-first heap   total 78848K, used 41866K [0x0000000080000000, 0x0000000100000000)
  region size 1024K, 5 young (5120K), 5 survivors (5120K)
 Metaspace       used 35093K, committed 35968K, reserved 1114112K
  class space    used 4740K, committed 5184K, reserved 1048576K
}
Event: 6.918 GC heap before
{Heap before GC invocations=8 (full 0):
 garbage-first heap   total 78848K, used 66442K [0x0000000080000000, 0x0000000100000000)
  region size 1024K, 28 young (28672K), 5 survivors (5120K)
 Metaspace       used 37908K, committed 38848K, reserved 1114112K
  class space    used 5180K, committed 5632K, reserved 1048576K
}
Event: 6.923 GC heap after
{Heap after GC invocations=9 (full 0):
 garbage-first heap   total 78848K, used 44990K [0x0000000080000000, 0x0000000100000000)
  region size 1024K, 2 young (2048K), 2 survivors (2048K)
 Metaspace       used 37908K, committed 38848K, reserved 1114112K
  class space    used 5180K, committed 5632K, reserved 1048576K
}
Event: 7.367 GC heap before
{Heap before GC invocations=9 (full 0):
 garbage-first heap   total 78848K, used 67518K [0x0000000080000000, 0x0000000100000000)
  region size 1024K, 24 young (24576K), 2 survivors (2048K)
 Metaspace       used 40707K, committed 41856K, reserved 1114112K
  class space    used 5666K, committed 6208K, reserved 1048576K
}
Event: 7.377 GC heap after
{Heap after GC invocations=10 (full 0):
 garbage-first heap   total 78848K, used 45796K [0x0000000080000000, 0x0000000100000000)
  region size 1024K, 3 young (3072K), 3 survivors (3072K)
 Metaspace       used 40707K, committed 41856K, reserved 1114112K
  class space    used 5666K, committed 6208K, reserved 1048576K
}
Event: 7.812 GC heap before
{Heap before GC invocations=10 (full 0):
 garbage-first heap   total 78848K, used 68324K [0x0000000080000000, 0x0000000100000000)
  region size 1024K, 25 young (25600K), 3 survivors (3072K)
 Metaspace       used 44137K, committed 45440K, reserved 1114112K
  class space    used 6208K, committed 6848K, reserved 1048576K
}
Event: 7.819 GC heap after
{Heap after GC invocations=11 (full 0):
 garbage-first heap   total 202752K, used 47404K [0x0000000080000000, 0x0000000100000000)
  region size 1024K, 3 young (3072K), 3 survivors (3072K)
 Metaspace       used 44137K, committed 45440K, reserved 1114112K
  class space    used 6208K, committed 6848K, reserved 1048576K
}
Event: 10.189 GC heap before
{Heap before GC invocations=12 (full 0):
 garbage-first heap   total 167936K, used 150828K [0x0000000080000000, 0x0000000100000000)
  region size 1024K, 98 young (100352K), 3 survivors (3072K)
 Metaspace       used 55903K, committed 57472K, reserved 1114112K
  class space    used 7680K, committed 8448K, reserved 1048576K
}
Event: 10.214 GC heap after
{Heap after GC invocations=13 (full 0):
 garbage-first heap   total 167936K, used 58521K [0x0000000080000000, 0x0000000100000000)
  region size 1024K, 12 young (12288K), 12 survivors (12288K)
 Metaspace       used 55903K, committed 57472K, reserved 1114112K
  class space    used 7680K, committed 8448K, reserved 1048576K
}
Event: 13.280 GC heap before
{Heap before GC invocations=13 (full 0):
 garbage-first heap   total 167936K, used 154777K [0x0000000080000000, 0x0000000100000000)
  region size 1024K, 93 young (95232K), 12 survivors (12288K)
 Metaspace       used 64711K, committed 66240K, reserved 1114112K
  class space    used 9153K, committed 9920K, reserved 1048576K
}
Event: 13.302 GC heap after
{Heap after GC invocations=14 (full 0):
 garbage-first heap   total 175104K, used 75894K [0x0000000080000000, 0x0000000100000000)
  region size 1024K, 6 young (6144K), 6 survivors (6144K)
 Metaspace       used 64711K, committed 66240K, reserved 1114112K
  class space    used 9153K, committed 9920K, reserved 1048576K
}
Event: 14.352 GC heap before
{Heap before GC invocations=14 (full 0):
 garbage-first heap   total 175104K, used 138358K [0x0000000080000000, 0x0000000100000000)
  region size 1024K, 68 young (69632K), 6 survivors (6144K)
 Metaspace       used 74251K, committed 75840K, reserved 1114112K
  class space    used 10358K, committed 11072K, reserved 1048576K
}
Event: 14.361 GC heap after
{Heap after GC invocations=15 (full 0):
 garbage-first heap   total 175104K, used 77165K [0x0000000080000000, 0x0000000100000000)
  region size 1024K, 8 young (8192K), 8 survivors (8192K)
 Metaspace       used 74251K, committed 75840K, reserved 1114112K
  class space    used 10358K, committed 11072K, reserved 1048576K
}
Event: 15.480 GC heap before
{Heap before GC invocations=16 (full 0):
 garbage-first heap   total 175104K, used 161133K [0x0000000080000000, 0x0000000100000000)
  region size 1024K, 84 young (86016K), 8 survivors (8192K)
 Metaspace       used 80742K, committed 82368K, reserved 1179648K
  class space    used 11130K, committed 11904K, reserved 1048576K
}
Event: 15.511 GC heap after
{Heap after GC invocations=17 (full 0):
 garbage-first heap   total 182272K, used 88509K [0x0000000080000000, 0x0000000100000000)
  region size 1024K, 11 young (11264K), 11 survivors (11264K)
 Metaspace       used 80742K, committed 82368K, reserved 1179648K
  class space    used 11130K, committed 11904K, reserved 1048576K
}
Event: 17.269 GC heap before
{Heap before GC invocations=17 (full 0):
 garbage-first heap   total 182272K, used 165309K [0x0000000080000000, 0x0000000100000000)
  region size 1024K, 80 young (81920K), 11 survivors (11264K)
 Metaspace       used 88909K, committed 90688K, reserved 1179648K
  class space    used 11951K, committed 12800K, reserved 1048576K
}
Event: 17.294 GC heap after
{Heap after GC invocations=18 (full 0):
 garbage-first heap   total 185344K, used 102400K [0x0000000080000000, 0x0000000100000000)
  region size 1024K, 6 young (6144K), 6 survivors (6144K)
 Metaspace       used 88909K, committed 90688K, reserved 1179648K
  class space    used 11951K, committed 12800K, reserved 1048576K
}
Event: 18.496 GC heap before
{Heap before GC invocations=18 (full 0):
 garbage-first heap   total 185344K, used 165888K [0x0000000080000000, 0x0000000100000000)
  region size 1024K, 68 young (69632K), 6 survivors (6144K)
 Metaspace       used 97322K, committed 99328K, reserved 1179648K
  class space    used 13034K, committed 14016K, reserved 1048576K
}
Event: 18.510 GC heap after
{Heap after GC invocations=19 (full 0):
 garbage-first heap   total 185344K, used 106702K [0x0000000080000000, 0x0000000100000000)
  region size 1024K, 5 young (5120K), 5 survivors (5120K)
 Metaspace       used 97322K, committed 99328K, reserved 1179648K
  class space    used 13034K, committed 14016K, reserved 1048576K
}

Dll operation events (3 events):
Event: 0.012 Loaded shared library C:\Program Files\Android\Android Studio1\jbr\bin\java.dll
Event: 0.019 Loaded shared library C:\Program Files\Android\Android Studio1\jbr\bin\zip.dll
Event: 0.960 Loaded shared library C:\Program Files\Android\Android Studio1\jbr\bin\verify.dll

Deoptimization events (20 events):
Event: 17.737 Thread 0x000001c8edc4a0f0 DEOPT PACKING pc=0x000001c8dba86a5c sp=0x0000007a48ef4090
Event: 17.737 Thread 0x000001c8edc4a0f0 DEOPT UNPACKING pc=0x000001c8db1f7da2 sp=0x0000007a48ef3f70 mode 2
Event: 17.739 Thread 0x000001c8edc4a0f0 Uncommon trap: trap_request=0xffffffc6 fr.pc=0x000001c8dba86a5c relative=0x000000000000055c
Event: 17.739 Thread 0x000001c8edc4a0f0 Uncommon trap: reason=bimorphic_or_optimized_type_check action=maybe_recompile pc=0x000001c8dba86a5c method=org.jetbrains.kotlin.protobuf.CodedInputStream.tryRefillBuffer(I)Z @ 177 c2
Event: 17.739 Thread 0x000001c8edc4a0f0 DEOPT PACKING pc=0x000001c8dba86a5c sp=0x0000007a48ef4090
Event: 17.739 Thread 0x000001c8edc4a0f0 DEOPT UNPACKING pc=0x000001c8db1f7da2 sp=0x0000007a48ef3f70 mode 2
Event: 17.745 Thread 0x000001c8edc4a0f0 Uncommon trap: trap_request=0xffffff45 fr.pc=0x000001c8dba75efc relative=0x000000000000059c
Event: 17.745 Thread 0x000001c8edc4a0f0 Uncommon trap: reason=unstable_if action=reinterpret pc=0x000001c8dba75efc method=org.jetbrains.org.objectweb.asm.ClassReader.readUtf(II[C)Ljava/lang/String; @ 41 c2
Event: 17.745 Thread 0x000001c8edc4a0f0 DEOPT PACKING pc=0x000001c8dba75efc sp=0x0000007a48ef38c0
Event: 17.745 Thread 0x000001c8edc4a0f0 DEOPT UNPACKING pc=0x000001c8db1f7da2 sp=0x0000007a48ef3868 mode 2
Event: 18.364 Thread 0x000001c8edc4a0f0 Uncommon trap: trap_request=0xffffff45 fr.pc=0x000001c8dbac15cc relative=0x000000000000010c
Event: 18.364 Thread 0x000001c8edc4a0f0 Uncommon trap: reason=unstable_if action=reinterpret pc=0x000001c8dbac15cc method=java.text.StringCharacterIterator.current()C @ 19 c2
Event: 18.364 Thread 0x000001c8edc4a0f0 DEOPT PACKING pc=0x000001c8dbac15cc sp=0x0000007a48ef1d50
Event: 18.364 Thread 0x000001c8edc4a0f0 DEOPT UNPACKING pc=0x000001c8db1f7da2 sp=0x0000007a48ef1ce8 mode 2
Event: 18.791 Thread 0x000001c8edc4a0f0 DEOPT PACKING pc=0x000001c8d49f9880 sp=0x0000007a48ef30b0
Event: 18.791 Thread 0x000001c8edc4a0f0 DEOPT UNPACKING pc=0x000001c8db1f88e2 sp=0x0000007a48ef2588 mode 0
Event: 18.792 Thread 0x000001c8edc4a0f0 Uncommon trap: trap_request=0xffffff45 fr.pc=0x000001c8dbaeec70 relative=0x0000000000000390
Event: 18.792 Thread 0x000001c8edc4a0f0 Uncommon trap: reason=unstable_if action=reinterpret pc=0x000001c8dbaeec70 method=org.jetbrains.kotlin.metadata.jvm.deserialization.UtfEncodingKt.stringsToBytes([Ljava/lang/String;)[B @ 78 c2
Event: 18.792 Thread 0x000001c8edc4a0f0 DEOPT PACKING pc=0x000001c8dbaeec70 sp=0x0000007a48ef30e0
Event: 18.792 Thread 0x000001c8edc4a0f0 DEOPT UNPACKING pc=0x000001c8db1f7da2 sp=0x0000007a48ef3088 mode 2

Classes loaded (20 events):
Event: 14.651 Loading class java/util/zip/ZipFile$ZipEntryIterator
Event: 14.652 Loading class java/util/zip/ZipFile$ZipEntryIterator done
Event: 15.061 Loading class java/nio/channels/Channels$ReadableByteChannelImpl
Event: 15.061 Loading class java/nio/channels/Channels$ReadableByteChannelImpl done
Event: 15.062 Loading class java/nio/channels/NonWritableChannelException
Event: 15.062 Loading class java/nio/channels/NonWritableChannelException done
Event: 17.790 Loading class java/text/StringCharacterIterator
Event: 17.790 Loading class java/text/CharacterIterator
Event: 17.790 Loading class java/text/CharacterIterator done
Event: 17.790 Loading class java/text/StringCharacterIterator done
Event: 17.845 Loading class java/io/NotSerializableException
Event: 17.845 Loading class java/io/NotSerializableException done
Event: 17.885 Loading class java/util/AbstractList$ListItr
Event: 17.885 Loading class java/util/AbstractList$ListItr done
Event: 18.199 Loading class java/util/function/IntUnaryOperator
Event: 18.199 Loading class java/util/function/IntUnaryOperator done
Event: 18.242 Loading class java/util/AbstractList$SubList
Event: 18.242 Loading class java/util/AbstractList$SubList done
Event: 18.242 Loading class java/util/AbstractList$SubList$1
Event: 18.243 Loading class java/util/AbstractList$SubList$1 done

Classes unloaded (0 events):
No events

Classes redefined (0 events):
No events

Internal exceptions (20 events):
Event: 13.900 Thread 0x000001c8edc4a0f0 Exception <a 'java/lang/NoSuchMethodError'{0x0000000087f14fd8}: 'int java.lang.invoke.DelegatingMethodHandle$Holder.reinvoke_L(java.lang.Object, java.lang.Object, java.lang.Object, long, int, int)'> (0x0000000087f14fd8) 
thrown [s\src\hotspot\share\interpreter\linkResolver.cpp, line 784]
Event: 13.900 Thread 0x000001c8edc4a0f0 Exception <a 'java/lang/NoSuchMethodError'{0x0000000087f243f0}: 'int java.lang.invoke.DelegatingMethodHandle$Holder.reinvoke_L(java.lang.Object, java.lang.Object, java.lang.Object, long, long, long)'> (0x0000000087f243f0) 
thrown [s\src\hotspot\share\interpreter\linkResolver.cpp, line 784]
Event: 13.901 Thread 0x000001c8edc4a0f0 Exception <a 'java/lang/NoSuchMethodError'{0x0000000087f334e8}: 'int java.lang.invoke.DelegatingMethodHandle$Holder.reinvoke_L(java.lang.Object, java.lang.Object, java.lang.Object, long, int)'> (0x0000000087f334e8) 
thrown [s\src\hotspot\share\interpreter\linkResolver.cpp, line 784]
Event: 14.572 Thread 0x000001c8edc4a0f0 Exception <a 'java/lang/NoSuchMethodError'{0x000000008999a060}: 'java.lang.Object java.lang.invoke.Invokers$Holder.invokeExact_MT(java.lang.Object, java.lang.Object, long, java.lang.Object)'> (0x000000008999a060) 
thrown [s\src\hotspot\share\interpreter\linkResolver.cpp, line 784]
Event: 14.619 Thread 0x000001c8edc4a0f0 Exception <a 'java/lang/NoSuchMethodError'{0x00000000897f1130}: 'long java.lang.invoke.DirectMethodHandle$Holder.invokeStatic(java.lang.Object, java.lang.Object, int)'> (0x00000000897f1130) 
thrown [s\src\hotspot\share\interpreter\linkResolver.cpp, line 784]
Event: 14.619 Thread 0x000001c8edc4a0f0 Exception <a 'java/lang/NoSuchMethodError'{0x00000000897fd7e8}: 'java.lang.Object java.lang.invoke.DelegatingMethodHandle$Holder.reinvoke_L(java.lang.Object, int, long, java.lang.Object, java.lang.Object, int, java.lang.Object)'> (0x00000000897fd7e8) 
thrown [s\src\hotspot\share\interpreter\linkResolver.cpp, line 784]
Event: 14.652 Thread 0x000001c8edc4a0f0 Implicit null exception at 0x000001c8db76b3e6 to 0x000001c8db76bf64
Event: 14.972 Thread 0x000001c8edc4a0f0 Implicit null exception at 0x000001c8dba64435 to 0x000001c8dba65ecc
Event: 14.972 Thread 0x000001c8edc4a0f0 Implicit null exception at 0x000001c8dba62927 to 0x000001c8dba62f8c
Event: 17.207 Thread 0x000001c8edc4a0f0 Exception <a 'java/lang/NoSuchMethodError'{0x00000000863ea170}: 'java.lang.Object java.lang.invoke.DirectMethodHandle$Holder.newInvokeSpecial(java.lang.Object, java.lang.Object, java.lang.Object, java.lang.Object, java.lang.Object, java.lang.Object, java.lang.Object, java.lang.Object, java.lang.Object, java.lang.Object, java.lang.Object, java.lang.Object, java.lang.Object, java.lang.Object, java.lang.Object, java.lang.Object, java.lang.Object, java.lang.Object, java.lang.Object)'> (0x00000000863ea170) 
thr
Event: 17.210 Thread 0x000001c8edc4a0f0 Exception <a 'java/lang/NoSuchMethodError'{0x00000000863f1968}: 'java.lang.Object java.lang.invoke.DirectMethodHandle$Holder.invokeSpecial(java.lang.Object, java.lang.Object, java.lang.Object, java.lang.Object, java.lang.Object, java.lang.Object, java.lang.Object, java.lang.Object, java.lang.Object, java.lang.Object, java.lang.Object, java.lang.Object, java.lang.Object, java.lang.Object, java.lang.Object, java.lang.Object, java.lang.Object, java.lang.Object, java.lang.Object, java.lang.Object)'> (0x0000000
Event: 17.210 Thread 0x000001c8edc4a0f0 Exception <a 'java/lang/NoSuchMethodError'{0x00000000863f7ee0}: 'java.lang.Object java.lang.invoke.DelegatingMethodHandle$Holder.reinvoke_L(java.lang.Object, java.lang.Object, java.lang.Object, java.lang.Object, java.lang.Object, java.lang.Object, java.lang.Object, java.lang.Object, java.lang.Object, java.lang.Object, java.lang.Object, java.lang.Object, java.lang.Object, java.lang.Object, java.lang.Object, java.lang.Object, java.lang.Object, java.lang.Object, java.lang.Object)'> (0x00000000863f7ee0) 
throw
Event: 17.253 Thread 0x000001c8edc4a0f0 Exception <a 'java/lang/NoSuchMethodError'{0x00000000862e0910}: 'java.lang.Object java.lang.invoke.DirectMethodHandle$Holder.newInvokeSpecial(java.lang.Object, java.lang.Object, java.lang.Object, java.lang.Object, java.lang.Object, java.lang.Object, java.lang.Object, java.lang.Object, java.lang.Object, java.lang.Object, java.lang.Object, java.lang.Object, java.lang.Object, java.lang.Object, java.lang.Object, java.lang.Object, java.lang.Object, java.lang.Object, java.lang.Object, java.lang.Object, java.lang
Event: 17.351 Thread 0x000001c8edc4a0f0 Exception <a 'java/lang/NoSuchMethodError'{0x000000008a8b8b48}: 'java.lang.Object java.lang.invoke.DirectMethodHandle$Holder.newInvokeSpecial(java.lang.Object, java.lang.Object, java.lang.Object, java.lang.Object, java.lang.Object, java.lang.Object, java.lang.Object, java.lang.Object, java.lang.Object, java.lang.Object, java.lang.Object, java.lang.Object, java.lang.Object, java.lang.Object, java.lang.Object, java.lang.Object)'> (0x000000008a8b8b48) 
thrown [s\src\hotspot\share\interpreter\linkResolver.cpp,
Event: 17.351 Thread 0x000001c8edc4a0f0 Exception <a 'java/lang/NoSuchMethodError'{0x000000008a8bfb20}: 'java.lang.Object java.lang.invoke.DirectMethodHandle$Holder.invokeSpecial(java.lang.Object, java.lang.Object, java.lang.Object, java.lang.Object, java.lang.Object, java.lang.Object, java.lang.Object, java.lang.Object, java.lang.Object, java.lang.Object, java.lang.Object, java.lang.Object, java.lang.Object, java.lang.Object, java.lang.Object, java.lang.Object, java.lang.Object)'> (0x000000008a8bfb20) 
thrown [s\src\hotspot\share\interpreter\li
Event: 17.352 Thread 0x000001c8edc4a0f0 Exception <a 'java/lang/NoSuchMethodError'{0x000000008a8c5c18}: 'java.lang.Object java.lang.invoke.DelegatingMethodHandle$Holder.reinvoke_L(java.lang.Object, java.lang.Object, java.lang.Object, java.lang.Object, java.lang.Object, java.lang.Object, java.lang.Object, java.lang.Object, java.lang.Object, java.lang.Object, java.lang.Object, java.lang.Object, java.lang.Object, java.lang.Object, java.lang.Object, java.lang.Object)'> (0x000000008a8c5c18) 
thrown [s\src\hotspot\share\interpreter\linkResolver.cpp, l
Event: 17.365 Thread 0x000001c8edc4a0f0 Exception <a 'java/lang/NoSuchMethodError'{0x000000008a77a1e8}: 'java.lang.Object java.lang.invoke.DirectMethodHandle$Holder.newInvokeSpecial(java.lang.Object, java.lang.Object, java.lang.Object, java.lang.Object, java.lang.Object, java.lang.Object, java.lang.Object, java.lang.Object, java.lang.Object, java.lang.Object, java.lang.Object, java.lang.Object, java.lang.Object, java.lang.Object, java.lang.Object, java.lang.Object, java.lang.Object, java.lang.Object)'> (0x000000008a77a1e8) 
thrown [s\src\hotspot
Event: 17.365 Thread 0x000001c8edc4a0f0 Exception <a 'java/lang/NoSuchMethodError'{0x000000008a7816e8}: 'java.lang.Object java.lang.invoke.DirectMethodHandle$Holder.invokeSpecial(java.lang.Object, java.lang.Object, java.lang.Object, java.lang.Object, java.lang.Object, java.lang.Object, java.lang.Object, java.lang.Object, java.lang.Object, java.lang.Object, java.lang.Object, java.lang.Object, java.lang.Object, java.lang.Object, java.lang.Object, java.lang.Object, java.lang.Object, java.lang.Object, java.lang.Object)'> (0x000000008a7816e8) 
thrown
Event: 17.366 Thread 0x000001c8edc4a0f0 Exception <a 'java/lang/NoSuchMethodError'{0x000000008a787818}: 'java.lang.Object java.lang.invoke.DelegatingMethodHandle$Holder.reinvoke_L(java.lang.Object, java.lang.Object, java.lang.Object, java.lang.Object, java.lang.Object, java.lang.Object, java.lang.Object, java.lang.Object, java.lang.Object, java.lang.Object, java.lang.Object, java.lang.Object, java.lang.Object, java.lang.Object, java.lang.Object, java.lang.Object, java.lang.Object, java.lang.Object)'> (0x000000008a787818) 
thrown [s\src\hotspot\s
Event: 17.375 Thread 0x000001c8edc4a0f0 Exception <a 'java/lang/NoSuchMethodError'{0x000000008a6206d8}: 'java.lang.Object java.lang.invoke.DirectMethodHandle$Holder.newInvokeSpecial(java.lang.Object, java.lang.Object, java.lang.Object, java.lang.Object, java.lang.Object, java.lang.Object, java.lang.Object, java.lang.Object, java.lang.Object, java.lang.Object, java.lang.Object, java.lang.Object, java.lang.Object, java.lang.Object, java.lang.Object, java.lang.Object, java.lang.Object, java.lang.Object, java.lang.Object, java.lang.Object, java.lang

ZGC Phase Switch (0 events):
No events

VM Operations (20 events):
Event: 17.294 Executing VM operation: G1CollectForAllocation (G1 Evacuation Pause) done
Event: 17.603 Executing VM operation: HandshakeAllThreads (Deoptimize)
Event: 17.603 Executing VM operation: HandshakeAllThreads (Deoptimize) done
Event: 17.649 Executing VM operation: HandshakeAllThreads (Deoptimize)
Event: 17.649 Executing VM operation: HandshakeAllThreads (Deoptimize) done
Event: 17.731 Executing VM operation: HandshakeAllThreads (Deoptimize)
Event: 17.731 Executing VM operation: HandshakeAllThreads (Deoptimize) done
Event: 17.886 Executing VM operation: HandshakeAllThreads (Deoptimize)
Event: 17.886 Executing VM operation: HandshakeAllThreads (Deoptimize) done
Event: 18.345 Executing VM operation: ICBufferFull
Event: 18.345 Executing VM operation: ICBufferFull done
Event: 18.350 Executing VM operation: HandshakeAllThreads (Deoptimize)
Event: 18.350 Executing VM operation: HandshakeAllThreads (Deoptimize) done
Event: 18.496 Executing VM operation: G1CollectForAllocation (G1 Evacuation Pause)
Event: 18.510 Executing VM operation: G1CollectForAllocation (G1 Evacuation Pause) done
Event: 18.616 Executing VM operation: G1PauseRemark
Event: 18.624 Executing VM operation: G1PauseRemark done
Event: 18.659 Executing VM operation: G1PauseCleanup
Event: 18.659 Executing VM operation: G1PauseCleanup done
Event: 19.666 Executing VM operation: Cleanup

Events (20 events):
Event: 18.623 Thread 0x000001c8e7aa1e40 flushing nmethod 0x000001c8db88b910
Event: 18.623 Thread 0x000001c8e7aa1e40 flushing nmethod 0x000001c8db885210
Event: 18.623 Thread 0x000001c8e7aa1e40 flushing nmethod 0x000001c8db883c90
Event: 18.623 Thread 0x000001c8e7aa1e40 flushing nmethod 0x000001c8db887d90
Event: 18.623 Thread 0x000001c8e7aa1e40 flushing nmethod 0x000001c8db866b10
Event: 18.623 Thread 0x000001c8e7aa1e40 flushing nmethod 0x000001c8db86ba10
Event: 18.623 Thread 0x000001c8e7aa1e40 flushing nmethod 0x000001c8db849610
Event: 18.623 Thread 0x000001c8e7aa1e40 flushing nmethod 0x000001c8db841490
Event: 18.623 Thread 0x000001c8e7aa1e40 flushing nmethod 0x000001c8db790690
Event: 18.623 Thread 0x000001c8e7aa1e40 flushing nmethod 0x000001c8db7f5510
Event: 18.623 Thread 0x000001c8e7aa1e40 flushing nmethod 0x000001c8db7f3690
Event: 18.623 Thread 0x000001c8e7aa1e40 flushing nmethod 0x000001c8db809f10
Event: 18.623 Thread 0x000001c8e7aa1e40 flushing nmethod 0x000001c8db802510
Event: 18.623 Thread 0x000001c8e7aa1e40 flushing nmethod 0x000001c8db800a90
Event: 18.623 Thread 0x000001c8e7aa1e40 flushing nmethod 0x000001c8db7d5810
Event: 18.623 Thread 0x000001c8e7aa1e40 flushing nmethod 0x000001c8db7b1810
Event: 18.623 Thread 0x000001c8e7aa1e40 flushing nmethod 0x000001c8db784c90
Event: 18.623 Thread 0x000001c8e7aa1e40 flushing nmethod 0x000001c8db75c290
Event: 18.623 Thread 0x000001c8e7aa1e40 flushing nmethod 0x000001c8db740010
Event: 18.684 Thread 0x000001c8efa55a10 Thread added: 0x000001c8efa55a10


Dynamic libraries:
0x00007ff677e60000 - 0x00007ff677e6a000 	C:\Program Files\Android\Android Studio1\jbr\bin\java.exe
0x00007ffeafa80000 - 0x00007ffeafce3000 	C:\WINDOWS\SYSTEM32\ntdll.dll
0x00007ffeae330000 - 0x00007ffeae3f8000 	C:\WINDOWS\System32\KERNEL32.DLL
0x00007ffead060000 - 0x00007ffead412000 	C:\WINDOWS\System32\KERNELBASE.dll
0x00007ffead580000 - 0x00007ffead6cb000 	C:\WINDOWS\System32\ucrtbase.dll
0x00007ffe7cb80000 - 0x00007ffe7cb98000 	C:\Program Files\Android\Android Studio1\jbr\bin\jli.dll
0x00007ffeaddf0000 - 0x00007ffeadfb8000 	C:\WINDOWS\System32\USER32.dll
0x00007ffeacf00000 - 0x00007ffeacf27000 	C:\WINDOWS\System32\win32u.dll
0x00007ffead9f0000 - 0x00007ffeada1a000 	C:\WINDOWS\System32\GDI32.dll
0x00007ffeacf30000 - 0x00007ffead05b000 	C:\WINDOWS\System32\gdi32full.dll
0x00007ffeace50000 - 0x00007ffeacef3000 	C:\WINDOWS\System32\msvcp_win.dll
0x00007ffe5fee0000 - 0x00007ffe5fefb000 	C:\Program Files\Android\Android Studio1\jbr\bin\VCRUNTIME140.dll
0x00007ffe88a50000 - 0x00007ffe88ce0000 	C:\WINDOWS\WinSxS\amd64_microsoft.windows.common-controls_6595b64144ccf1df_6.0.26100.2454_none_3e0b68a2e331ad60\COMCTL32.dll
0x00007ffeadfc0000 - 0x00007ffeae069000 	C:\WINDOWS\System32\msvcrt.dll
0x00007ffeaf7b0000 - 0x00007ffeaf7df000 	C:\WINDOWS\System32\IMM32.DLL
0x00007ffe77cb0000 - 0x00007ffe77dca000 	C:\Program Files\Topaz OFD\Warsaw\wslbscr64.dll
0x00007ffeadd30000 - 0x00007ffeadde4000 	C:\WINDOWS\System32\ADVAPI32.dll
0x00007ffeae400000 - 0x00007ffeae4a6000 	C:\WINDOWS\System32\sechost.dll
0x00007ffeaf920000 - 0x00007ffeafa36000 	C:\WINDOWS\System32\RPCRT4.dll
0x00007ffeaeed0000 - 0x00007ffeaf5d0000 	C:\WINDOWS\System32\SHELL32.dll
0x00007ffeabdb0000 - 0x00007ffeabde5000 	C:\WINDOWS\SYSTEM32\ntmarta.dll
0x00007ffe5b440000 - 0x00007ffe5b53a000 	C:\Program Files\Topaz OFD\Warsaw\wslbscrwh64.dll
0x00007ffe798b0000 - 0x00007ffe798bc000 	C:\Program Files\Android\Android Studio1\jbr\bin\vcruntime140_1.dll
0x00007ffe332e0000 - 0x00007ffe3336d000 	C:\Program Files\Android\Android Studio1\jbr\bin\msvcp140.dll
0x00007ffe0c2e0000 - 0x00007ffe0cf5d000 	C:\Program Files\Android\Android Studio1\jbr\bin\server\jvm.dll
0x00007ffead970000 - 0x00007ffead9e4000 	C:\WINDOWS\System32\WS2_32.dll
0x00007ffeacce0000 - 0x00007ffeacd2e000 	C:\WINDOWS\SYSTEM32\POWRPROF.dll
0x00007ffea4ec0000 - 0x00007ffea4ef6000 	C:\WINDOWS\SYSTEM32\WINMM.dll
0x00007ffe9b570000 - 0x00007ffe9b57b000 	C:\WINDOWS\SYSTEM32\VERSION.dll
0x00007ffeaccc0000 - 0x00007ffeaccd4000 	C:\WINDOWS\SYSTEM32\UMPDC.dll
0x00007ffeabc90000 - 0x00007ffeabcaa000 	C:\WINDOWS\SYSTEM32\kernel.appcore.dll
0x00007ffe75eb0000 - 0x00007ffe75eba000 	C:\Program Files\Android\Android Studio1\jbr\bin\jimage.dll
0x00007ffeaa590000 - 0x00007ffeaa7d1000 	C:\WINDOWS\SYSTEM32\DBGHELP.DLL
0x00007ffeaeb40000 - 0x00007ffeaeebe000 	C:\WINDOWS\System32\combase.dll
0x00007ffeaea50000 - 0x00007ffeaeb26000 	C:\WINDOWS\System32\OLEAUT32.dll
0x00007ffe9b730000 - 0x00007ffe9b769000 	C:\WINDOWS\SYSTEM32\dbgcore.DLL
0x00007ffead4e0000 - 0x00007ffead579000 	C:\WINDOWS\System32\bcryptPrimitives.dll
0x00007ffe80f30000 - 0x00007ffe80f3e000 	C:\Program Files\Android\Android Studio1\jbr\bin\instrument.dll
0x00007ffe50c40000 - 0x00007ffe50c5f000 	C:\Program Files\Android\Android Studio1\jbr\bin\java.dll
0x00007ffe50400000 - 0x00007ffe50418000 	C:\Program Files\Android\Android Studio1\jbr\bin\zip.dll
0x00007ffeaab60000 - 0x00007ffeab391000 	C:\WINDOWS\SYSTEM32\windows.storage.dll
0x000001c8ec000000 - 0x000001c8ec0da000 	C:\WINDOWS\System32\SHCORE.dll
0x00007ffeae560000 - 0x00007ffeae5bd000 	C:\WINDOWS\System32\shlwapi.dll
0x00007ffeacd60000 - 0x00007ffeacd8e000 	C:\WINDOWS\SYSTEM32\profapi.dll
0x00007ffe60bc0000 - 0x00007ffe60bd0000 	C:\Program Files\Android\Android Studio1\jbr\bin\net.dll
0x00007ffe9fd00000 - 0x00007ffe9fe26000 	C:\WINDOWS\SYSTEM32\WINHTTP.dll
0x00007ffeac190000 - 0x00007ffeac1f8000 	C:\WINDOWS\system32\mswsock.dll
0x00007ffe50320000 - 0x00007ffe50336000 	C:\Program Files\Android\Android Studio1\jbr\bin\nio.dll
0x00007ffe94c50000 - 0x00007ffe94c60000 	C:\Program Files\Android\Android Studio1\jbr\bin\verify.dll
0x00007ffe77860000 - 0x00007ffe77887000 	C:\Users\igorn\.gradle\native\c067742578af261105cb4f569cf0c3c89f3d7b1fecec35dd04571415982c5e48\windows-amd64\native-platform.dll
0x00007ffe69c10000 - 0x00007ffe69d54000 	C:\Users\igorn\.gradle\native\100fb08df4bc3b14c8652ba06237920a3bd2aa13389f12d3474272988ae205f9\windows-amd64\native-platform-file-events.dll
0x00007ffe5bbe0000 - 0x00007ffe5bbe9000 	C:\Program Files\Android\Android Studio1\jbr\bin\management.dll
0x00007ffe58620000 - 0x00007ffe5862b000 	C:\Program Files\Android\Android Studio1\jbr\bin\management_ext.dll
0x00007ffeae070000 - 0x00007ffeae078000 	C:\WINDOWS\System32\PSAPI.DLL
0x00007ffeac430000 - 0x00007ffeac44c000 	C:\WINDOWS\SYSTEM32\CRYPTSP.dll
0x00007ffeabbf0000 - 0x00007ffeabc28000 	C:\WINDOWS\system32\rsaenh.dll
0x00007ffeac230000 - 0x00007ffeac25b000 	C:\WINDOWS\SYSTEM32\USERENV.dll
0x00007ffeac600000 - 0x00007ffeac626000 	C:\WINDOWS\SYSTEM32\bcrypt.dll
0x00007ffeac450000 - 0x00007ffeac45c000 	C:\WINDOWS\SYSTEM32\CRYPTBASE.dll
0x00007ffeab7f0000 - 0x00007ffeab822000 	C:\WINDOWS\SYSTEM32\IPHLPAPI.DLL
0x000001c8ceb20000 - 0x000001c8ceb2a000 	C:\WINDOWS\System32\NSI.dll
0x00007ffe5f780000 - 0x00007ffe5f789000 	C:\Program Files\Android\Android Studio1\jbr\bin\extnet.dll
0x00007ffe69d60000 - 0x00007ffe69d68000 	C:\WINDOWS\system32\wshunix.dll

dbghelp: loaded successfully - version: 4.0.5 - missing functions: none
symbol engine: initialized successfully - sym options: 0x614 - pdb path: .;C:\Program Files\Android\Android Studio1\jbr\bin;C:\WINDOWS\SYSTEM32;C:\WINDOWS\WinSxS\amd64_microsoft.windows.common-controls_6595b64144ccf1df_6.0.26100.2454_none_3e0b68a2e331ad60;C:\Program Files\Topaz OFD\Warsaw;C:\Program Files\Android\Android Studio1\jbr\bin\server;C:\Users\igorn\.gradle\native\c067742578af261105cb4f569cf0c3c89f3d7b1fecec35dd04571415982c5e48\windows-amd64;C:\Users\igorn\.gradle\native\100fb08df4bc3b14c8652ba06237920a3bd2aa13389f12d3474272988ae205f9\windows-amd64

VM Arguments:
jvm_args: --add-opens=java.base/java.util=ALL-UNNAMED --add-opens=java.base/java.lang=ALL-UNNAMED --add-opens=java.base/java.lang.invoke=ALL-UNNAMED --add-opens=java.prefs/java.util.prefs=ALL-UNNAMED --add-exports=jdk.compiler/com.sun.tools.javac.api=ALL-UNNAMED --add-exports=jdk.compiler/com.sun.tools.javac.util=ALL-UNNAMED --add-opens=java.base/java.nio.charset=ALL-UNNAMED --add-opens=java.base/java.net=ALL-UNNAMED --add-opens=java.base/java.util.concurrent.atomic=ALL-UNNAMED -Xmx2048m -Dfile.encoding=UTF-8 -Duser.country=BR -Duser.language=pt -Duser.variant -javaagent:C:\Users\igorn\.gradle\wrapper\dists\gradle-8.9-bin\90cnw93cvbtalezasaz0blq0a\gradle-8.9\lib\agents\gradle-instrumentation-agent-8.9.jar 
java_command: org.gradle.launcher.daemon.bootstrap.GradleDaemon 8.9
java_class_path (initial): C:\Users\igorn\.gradle\wrapper\dists\gradle-8.9-bin\90cnw93cvbtalezasaz0blq0a\gradle-8.9\lib\gradle-daemon-main-8.9.jar
Launcher Type: SUN_STANDARD

[Global flags]
     intx CICompilerCount                          = 3                                         {product} {ergonomic}
     uint ConcGCThreads                            = 1                                         {product} {ergonomic}
     uint G1ConcRefinementThreads                  = 4                                         {product} {ergonomic}
   size_t G1HeapRegionSize                         = 1048576                                   {product} {ergonomic}
    uintx GCDrainStackTargetSize                   = 64                                        {product} {ergonomic}
   size_t InitialHeapSize                          = 333447168                                 {product} {ergonomic}
   size_t MarkStackSize                            = 4194304                                   {product} {ergonomic}
   size_t MaxHeapSize                              = 2147483648                                {product} {command line}
   size_t MaxNewSize                               = 1287651328                                {product} {ergonomic}
   size_t MinHeapDeltaBytes                        = 1048576                                   {product} {ergonomic}
   size_t MinHeapSize                              = 8388608                                   {product} {ergonomic}
    uintx NonNMethodCodeHeapSize                   = 5832780                                {pd product} {ergonomic}
    uintx NonProfiledCodeHeapSize                  = 122912730                              {pd product} {ergonomic}
    uintx ProfiledCodeHeapSize                     = 122912730                              {pd product} {ergonomic}
    uintx ReservedCodeCacheSize                    = 251658240                              {pd product} {ergonomic}
     bool SegmentedCodeCache                       = true                                      {product} {ergonomic}
   size_t SoftMaxHeapSize                          = 2147483648                             {manageable} {ergonomic}
     bool UseCompressedOops                        = true                           {product lp64_product} {ergonomic}
     bool UseG1GC                                  = true                                      {product} {ergonomic}
     bool UseLargePagesIndividualAllocation        = false                                  {pd product} {ergonomic}

Logging:
Log output configuration:
 #0: stdout all=warning uptime,level,tags foldmultilines=false
 #1: stderr all=off uptime,level,tags foldmultilines=false

Environment Variables:
JAVA_HOME=C:\Program Files\Java\jdk-19
PATH=C:\Program Files\Common Files\Oracle\Java\javapath;C:\WINDOWS\system32;C:\WINDOWS;C:\WINDOWS\System32\Wbem;C:\WINDOWS\System32\WindowsPowerShell\v1.0\;C:\WINDOWS\System32\OpenSSH\;C:\Users\igorn\AppData\Local\Programs\Python\Python311\Scripts;C:\MinGW\bin;C:\Program Files\apache-maven-3.9.6\bin;C:\Program Files\Java\jdk-19\bin;c:\Users\igorn\AppData\Local\Programs\cursor\resources\app\bin;C:\Program Files\dotnet\;C:\Program Files\Git\cmd;C:\Program Files\nodejs\;C:\Program Files (x86)\Microsoft SQL Server\160\DTS\Binn\;C:\Program Files (x86)\Microsoft SQL Server\160\Tools\Binn\;C:\Program Files\Microsoft SQL Server\160\Tools\Binn\;C:\Program Files\Microsoft SQL Server\Client SDK\ODBC\170\Tools\Binn\;C:\Program Files\Microsoft SQL Server\160\DTS\Binn\;C:\WINDOWS\system32;C:\WINDOWS;C:\WINDOWS\System32\Wbem;C:\WINDOWS\System32\WindowsPowerShell\v1.0\;C:\WINDOWS\System32\OpenSSH\;C:\Program Files\MySQL\MySQL Shell 8.0\bin\;C:\Users\igorn\AppData\Local\Programs\Python\Python311\Scripts\;C:\Users\igorn\AppData\Local\Programs\Python\Python311\;C:\Users\igorn\AppData\Local\Microsoft\WindowsApps;;C:\Users\igorn\AppData\Local\Programs\Microsoft VS Code\bin;C:\Program Files\JetBrains\IntelliJ IDEA 2023.2.4\bin;;C:\Users\igorn\AppData\Local\Programs\mongosh\;C:\Users\igorn\AppData\Local\Muse Hub\lib;C:\Users\igorn\AppData\Roaming\npm
USERNAME=igorn
OS=Windows_NT
PROCESSOR_IDENTIFIER=Intel64 Family 6 Model 140 Stepping 1, GenuineIntel
TMP=C:\Users\igorn\AppData\Local\Temp
TEMP=C:\Users\igorn\AppData\Local\Temp




Periodic native trim disabled

JNI global refs:
JNI global refs: 26, weak refs: 0

JNI global refs memory usage: 835, weak refs: 833

Process memory usage:
Resident Set Size: 450628K (2% of 20749624K total physical memory with 5579060K free physical memory)

OOME stack traces (most recent first):
Classloader memory used:
Loader org.gradle.internal.classloader.VisitableURLClassLoader                         : 64816K
Loader bootstrap                                                                       : 23763K
Loader org.gradle.initialization.MixInLegacyTypesClassLoader                           : 6390K
Loader org.gradle.internal.classloader.VisitableURLClassLoader                         : 694K
Loader org.gradle.internal.classloader.VisitableURLClassLoader$InstrumentingVisitableURLClassLoader: 567K
Loader jdk.internal.loader.ClassLoaders$PlatformClassLoader                            : 533K
Loader jdk.internal.jrtfs.JrtFileSystemProvider$JrtFsLoader                            : 331K
Loader jdk.internal.loader.ClassLoaders$AppClassLoader                                 : 230K
Loader jdk.internal.reflect.DelegatingClassLoader                                      : 151K
Loader org.gradle.groovy.scripts.internal.DefaultScriptCompilationHandler$ScriptClassLoader: 88984B
Loader org.codehaus.groovy.runtime.callsite.CallSiteClassLoader                        : 49672B

Classes loaded by more than one classloader:
Class org.gradle.api.GradleException                                                  : loaded 3 times (x 79B)
Class jdk.internal.jimage.BasicImageReader                                            : loaded 2 times (x 92B)
Class org.gradle.internal.classloader.ClassLoaderHierarchy                            : loaded 2 times (x 67B)
Class org.gradle.api.internal.classpath.ManifestUtil                                  : loaded 2 times (x 68B)
Class jdk.internal.jimage.decompressor.StringSharingDecompressorFactory               : loaded 2 times (x 71B)
Class org.gradle.internal.operations.MultipleBuildOperationFailures                   : loaded 2 times (x 92B)
Class org.gradle.internal.classloader.DefaultClassLoaderFactory                       : loaded 2 times (x 79B)
Class kotlin.collections.AbstractList$Companion                                       : loaded 2 times (x 68B)
Class org.gradle.internal.classloader.ClassLoaderVisitor                              : loaded 2 times (x 73B)
Class org.gradle.api.internal.classpath.EffectiveClassPath                            : loaded 2 times (x 87B)
Class org.gradle.api.internal.DefaultClassPathProvider                                : loaded 2 times (x 73B)
Class [Lorg.gradle.api.internal.ClassPathProvider;                                    : loaded 2 times (x 66B)
Class org.gradle.api.internal.ClassPathProvider                                       : loaded 2 times (x 67B)
Class jdk.internal.jrtfs.SystemImage                                                  : loaded 2 times (x 71B)
Class org.gradle.internal.service.UnknownServiceException                             : loaded 2 times (x 80B)
Class org.gradle.internal.classpath.TransformedClassPath                              : loaded 2 times (x 93B)
Class jdk.internal.jrtfs.SystemImage$1                                                : loaded 2 times (x 75B)
Class kotlin.enums.EnumEntriesList                                                    : loaded 2 times (x 220B)
Class jdk.internal.jrtfs.SystemImage$2                                                : loaded 2 times (x 73B)
Class org.gradle.internal.service.ServiceLocator                                      : loaded 2 times (x 67B)
Class jdk.internal.jrtfs.JrtFileSystemProvider                                        : loaded 2 times (x 98B)
Class jdk.internal.jimage.ImageLocation                                               : loaded 2 times (x 87B)
Class jdk.internal.jrtfs.JrtDirectoryStream$1                                         : loaded 2 times (x 80B)
Class org.gradle.internal.InternalTransformer                                         : loaded 2 times (x 67B)
Class jdk.internal.jimage.ImageBufferCache$1                                          : loaded 2 times (x 80B)
Class org.gradle.internal.time.DefaultTimer                                           : loaded 2 times (x 77B)
Class org.gradle.internal.classloader.ClasspathUtil$1                                 : loaded 2 times (x 73B)
Class jdk.internal.jimage.ImageBufferCache$2                                          : loaded 2 times (x 88B)
Class org.gradle.api.internal.classpath.DefaultModuleRegistry$DefaultModule           : loaded 2 times (x 83B)
Class org.gradle.internal.time.DefaultCountdownTimer                                  : loaded 2 times (x 85B)
Class kotlin.Function                                                                 : loaded 2 times (x 67B)
Class org.gradle.api.internal.classpath.Module                                        : loaded 2 times (x 67B)
Class org.gradle.api.internal.classpath.UnknownModuleException                        : loaded 2 times (x 79B)
Class jdk.internal.jimage.ImageHeader                                                 : loaded 2 times (x 68B)
Class org.gradle.api.internal.DefaultClassPathRegistry                                : loaded 2 times (x 73B)
Class org.gradle.api.internal.ClassPathRegistry                                       : loaded 2 times (x 67B)
Class org.gradle.internal.classpath.DefaultClassPath$ImmutableUniqueList              : loaded 2 times (x 196B)
Class jdk.internal.jimage.decompressor.ResourceDecompressor                           : loaded 2 times (x 67B)
Class org.gradle.internal.classpath.ClassPath                                         : loaded 2 times (x 67B)
Class org.gradle.api.UncheckedIOException                                             : loaded 2 times (x 79B)
Class jdk.internal.jimage.ImageStringsReader                                          : loaded 2 times (x 77B)
Class kotlin.UninitializedPropertyAccessException                                     : loaded 2 times (x 79B)
Class jdk.internal.jimage.ImageReader                                                 : loaded 2 times (x 72B)
Class jdk.internal.jimage.ImageReader$SharedImageReader                               : loaded 2 times (x 92B)
Class org.gradle.internal.installation.GradleInstallation$1                           : loaded 2 times (x 72B)
Class org.gradle.api.internal.classpath.ModuleRegistry                                : loaded 2 times (x 67B)
Class jdk.internal.jimage.decompressor.ResourceDecompressorFactory                    : loaded 2 times (x 71B)
Class jdk.internal.jimage.ImageReader$Node                                            : loaded 2 times (x 81B)
Class org.gradle.api.internal.classpath.DefaultModuleRegistry                         : loaded 2 times (x 80B)
Class jdk.internal.jimage.BasicImageReader$1                                          : loaded 2 times (x 74B)
Class jdk.internal.jimage.decompressor.Decompressor                                   : loaded 2 times (x 69B)
Class jdk.internal.jimage.ImageReader$Resource                                        : loaded 2 times (x 81B)
Class org.gradle.internal.time.MonotonicClock                                         : loaded 2 times (x 74B)
Class org.gradle.internal.service.ServiceLookupException                              : loaded 2 times (x 79B)
Class jdk.internal.jrtfs.JrtFileAttributes                                            : loaded 2 times (x 80B)
Class org.gradle.internal.classloader.ClassLoaderFactory                              : loaded 2 times (x 67B)
Class org.gradle.internal.service.CachingServiceLocator                               : loaded 2 times (x 79B)
Class org.gradle.internal.time.TimeSource                                             : loaded 2 times (x 67B)
Class kotlin.enums.EnumEntries                                                        : loaded 2 times (x 67B)
Class org.gradle.internal.exceptions.ResolutionProvider                               : loaded 2 times (x 67B)
Class jdk.internal.jimage.ImageBufferCache                                            : loaded 2 times (x 68B)
Class jdk.internal.jrtfs.JrtPath                                                      : loaded 2 times (x 115B)
Class org.gradle.internal.classloader.ClasspathUtil                                   : loaded 2 times (x 68B)
Class org.gradle.internal.time.TimeSource$1                                           : loaded 2 times (x 74B)
Class kotlin.jvm.internal.DefaultConstructorMarker                                    : loaded 2 times (x 68B)
Class org.gradle.api.specs.Spec                                                       : loaded 2 times (x 67B)
Class jdk.internal.jimage.ImageReader$SharedImageReader$LocationVisitor               : loaded 2 times (x 67B)
Class jdk.internal.jimage.decompressor.ResourceDecompressorRepository                 : loaded 2 times (x 68B)
Class org.gradle.internal.time.Clock                                                  : loaded 2 times (x 67B)
Class jdk.internal.jimage.ImageReader$Directory                                       : loaded 2 times (x 81B)
Class kotlin.collections.AbstractList                                                 : loaded 2 times (x 194B)
Class kotlin.collections.AbstractCollection                                           : loaded 2 times (x 114B)
Class org.gradle.internal.classloader.VisitableURLClassLoader$InstrumentingVisitableURLClassLoader: loaded 2 times (x 120B)
Class org.gradle.internal.classloader.VisitableURLClassLoader$Spec                    : loaded 2 times (x 71B)
Class org.gradle.internal.classpath.DefaultClassPath                                  : loaded 2 times (x 87B)
Class jdk.internal.jimage.decompressor.ZipDecompressorFactory                         : loaded 2 times (x 71B)
Class org.gradle.internal.classloader.ClassLoaderSpec                                 : loaded 2 times (x 68B)
Class sync_studio_tooling3737_75cta0deiquwr5iqk3mxi5jdp                               : loaded 2 times (x 176B)
Class org.gradle.internal.classloader.VisitableURLClassLoader                         : loaded 2 times (x 114B)
Class org.gradle.internal.Cast                                                        : loaded 2 times (x 68B)
Class org.gradle.api.Action                                                           : loaded 2 times (x 67B)
Class jdk.internal.jimage.decompressor.ZipDecompressor                                : loaded 2 times (x 72B)
Class kotlin.jvm.functions.Function1                                                  : loaded 2 times (x 67B)
Class org.gradle.internal.agents.InstrumentingClassLoader                             : loaded 2 times (x 67B)
Class org.gradle.internal.classpath.DefaultClassPath$ImmutableUniqueList$Builder      : loaded 2 times (x 72B)
Class org.gradle.internal.classloader.FilteringClassLoader                            : loaded 2 times (x 102B)
Class org.gradle.internal.exceptions.NonGradleCauseExceptionsHolder                   : loaded 2 times (x 67B)
Class jdk.internal.jimage.ImageStrings                                                : loaded 2 times (x 67B)
Class kotlin.enums.EnumEntriesKt                                                      : loaded 2 times (x 68B)
Class org.gradle.internal.IoActions                                                   : loaded 2 times (x 68B)
Class org.gradle.internal.classloader.SystemClassLoaderSpec                           : loaded 2 times (x 68B)
Class org.gradle.internal.exceptions.MultiCauseException                              : loaded 2 times (x 67B)
Class org.gradle.internal.time.CountdownTimer                                         : loaded 2 times (x 67B)
Class kotlin.jvm.internal.Intrinsics                                                  : loaded 2 times (x 68B)
Class jdk.internal.jrtfs.JrtFileSystem                                                : loaded 2 times (x 99B)
Class org.gradle.tooling.model.ProjectModel                                           : loaded 2 times (x 67B)
Class jdk.internal.jimage.decompressor.CompressedResourceHeader                       : loaded 2 times (x 68B)
Class kotlin.KotlinNullPointerException                                               : loaded 2 times (x 80B)
Class org.gradle.internal.exceptions.DefaultMultiCauseException                       : loaded 2 times (x 92B)
Class org.gradle.internal.time.Time                                                   : loaded 2 times (x 68B)
Class org.gradle.internal.time.Timer                                                  : loaded 2 times (x 67B)
Class kotlin.jvm.internal.markers.KMappedMarker                                       : loaded 2 times (x 67B)
Class org.gradle.internal.installation.CurrentGradleInstallationLocator               : loaded 2 times (x 68B)
Class org.gradle.internal.service.DefaultServiceLocator                               : loaded 2 times (x 80B)
Class jdk.internal.jrtfs.JrtDirectoryStream                                           : loaded 2 times (x 86B)
Class org.gradle.util.GradleVersion                                                   : loaded 2 times (x 80B)
Class org.gradle.internal.installation.CurrentGradleInstallation                      : loaded 2 times (x 70B)
Class ijInit1_5bhxpf743uwnqyhkiraaox7e                                                : loaded 2 times (x 176B)
Class org.gradle.util.internal.GUtil                                                  : loaded 2 times (x 68B)
Class org.gradle.internal.installation.GradleInstallation                             : loaded 2 times (x 72B)
Class jdk.internal.jimage.decompressor.ResourceDecompressor$StringsProvider           : loaded 2 times (x 67B)

---------------  S Y S T E M  ---------------

OS:
 Windows 11 , 64 bit Build 26100 (10.0.26100.2454)
OS uptime: 0 days 2:07 hours
Hyper-V role detected

CPU: total 4 (initial active 4) (2 cores per cpu, 2 threads per core) family 6 model 140 stepping 1 microcode 0xaa, cx8, cmov, fxsr, ht, mmx, 3dnowpref, sse, sse2, sse3, ssse3, sse4.1, sse4.2, popcnt, lzcnt, tsc, tscinvbit, avx, avx2, aes, erms, clmul, bmi1, bmi2, adx, avx512f, avx512dq, avx512cd, avx512bw, avx512vl, sha, fma, vzeroupper, avx512_vpopcntdq, avx512_vpclmulqdq, avx512_vaes, avx512_vnni, clflush, clflushopt, clwb, avx512_vbmi2, avx512_vbmi, hv, rdtscp, rdpid, fsrm, gfni, avx512_bitalg, f16c, cet_ibt, cet_ss, avx512_ifma
Processor Information for all 4 processors :
  Max Mhz: 2995, Current Mhz: 2995, Mhz Limit: 2995

Memory: 4k page, system-wide physical 20263M (5448M free)
TotalPageFile size 20263M (AvailPageFile size 38M)
current process WorkingSet (physical memory assigned to process): 440M, peak: 440M
current process commit charge ("private bytes"): 466M, peak: 469M

vm_info: OpenJDK 64-Bit Server VM (21.0.3+-12282718-b509.11) for windows-amd64 JRE (21.0.3+-12282718-b509.11), built on 2024-08-27T17:34:15Z by "builder" with MS VC++ 16.10 / 16.11 (VS2019)

END.
